CRITICAL - 2024-04-27 02:16:58 --> Error: Class "CI_Controller" not found
in APPPATH\Controllers\InputsController.php on line 7.
 1 SYSTEMPATH\Autoloader\Autoloader.php(311): include_once()
 2 SYSTEMPATH\Autoloader\Autoloader.php(290): CodeIgniter\Autoloader\Autoloader->includeFile('C:\\xampp\\htdocs\\framework_ci4_ministerio\\app\\Controllers\\InputsController.php')
 3 SYSTEMPATH\Autoloader\Autoloader.php(266): CodeIgniter\Autoloader\Autoloader->loadInNamespace('App\\Controllers\\InputsController')
 4 [internal function]: CodeIgniter\Autoloader\Autoloader->loadClass('App\\Controllers\\InputsController')
 5 SYSTEMPATH\CodeIgniter.php(899): class_exists('\\App\\Controllers\\InputsController', true)
 6 SYSTEMPATH\CodeIgniter.php(489): CodeIgniter\CodeIgniter->startController()
 7 SYSTEMPATH\CodeIgniter.php(361): CodeIgniter\CodeIgniter->handleRequest(null, Object(Config\Cache), false)
 8 FCPATH\index.php(79): CodeIgniter\CodeIgniter->run()
CRITICAL - 2024-04-27 02:17:58 --> Error: Class "BaseController" not found
in APPPATH\Controllers\InputsController.php on line 7.
 1 SYSTEMPATH\Autoloader\Autoloader.php(311): include_once()
 2 SYSTEMPATH\Autoloader\Autoloader.php(290): CodeIgniter\Autoloader\Autoloader->includeFile('C:\\xampp\\htdocs\\framework_ci4_ministerio\\app\\Controllers\\InputsController.php')
 3 SYSTEMPATH\Autoloader\Autoloader.php(266): CodeIgniter\Autoloader\Autoloader->loadInNamespace('App\\Controllers\\InputsController')
 4 [internal function]: CodeIgniter\Autoloader\Autoloader->loadClass('App\\Controllers\\InputsController')
 5 SYSTEMPATH\CodeIgniter.php(899): class_exists('\\App\\Controllers\\InputsController', true)
 6 SYSTEMPATH\CodeIgniter.php(489): CodeIgniter\CodeIgniter->startController()
 7 SYSTEMPATH\CodeIgniter.php(361): CodeIgniter\CodeIgniter->handleRequest(null, Object(Config\Cache), false)
 8 FCPATH\index.php(79): CodeIgniter\CodeIgniter->run()
CRITICAL - 2024-04-27 02:18:59 --> ErrorException: Undefined property: App\Controllers\InputsController::$load
in APPPATH\Controllers\InputsController.php on line 16.
 1 APPPATH\Controllers\InputsController.php(16): CodeIgniter\Debug\Exceptions->errorHandler(2, 'Undefined property: App\\Controllers\\InputsController::$load', 'C:\\xampp\\htdocs\\framework_ci4_ministerio\\app\\Controllers\\InputsController.php', 16)
 2 SYSTEMPATH\CodeIgniter.php(941): App\Controllers\InputsController->index()
 3 SYSTEMPATH\CodeIgniter.php(502): CodeIgniter\CodeIgniter->runController(Object(App\Controllers\InputsController))
 4 SYSTEMPATH\CodeIgniter.php(361): CodeIgniter\CodeIgniter->handleRequest(null, Object(Config\Cache), false)
 5 FCPATH\index.php(79): CodeIgniter\CodeIgniter->run()
CRITICAL - 2024-04-27 02:20:56 --> ErrorException: Undefined property: App\Controllers\InputsController::$load
in APPPATH\Controllers\InputsController.php on line 16.
 1 APPPATH\Controllers\InputsController.php(16): CodeIgniter\Debug\Exceptions->errorHandler(2, 'Undefined property: App\\Controllers\\InputsController::$load', 'C:\\xampp\\htdocs\\framework_ci4_ministerio\\app\\Controllers\\InputsController.php', 16)
 2 SYSTEMPATH\CodeIgniter.php(941): App\Controllers\InputsController->index()
 3 SYSTEMPATH\CodeIgniter.php(502): CodeIgniter\CodeIgniter->runController(Object(App\Controllers\InputsController))
 4 SYSTEMPATH\CodeIgniter.php(361): CodeIgniter\CodeIgniter->handleRequest(null, Object(Config\Cache), false)
 5 FCPATH\index.php(79): CodeIgniter\CodeIgniter->run()
CRITICAL - 2024-04-27 02:20:58 --> ErrorException: Undefined property: App\Controllers\InputsController::$load
in APPPATH\Controllers\InputsController.php on line 16.
 1 APPPATH\Controllers\InputsController.php(16): CodeIgniter\Debug\Exceptions->errorHandler(2, 'Undefined property: App\\Controllers\\InputsController::$load', 'C:\\xampp\\htdocs\\framework_ci4_ministerio\\app\\Controllers\\InputsController.php', 16)
 2 SYSTEMPATH\CodeIgniter.php(941): App\Controllers\InputsController->index()
 3 SYSTEMPATH\CodeIgniter.php(502): CodeIgniter\CodeIgniter->runController(Object(App\Controllers\InputsController))
 4 SYSTEMPATH\CodeIgniter.php(361): CodeIgniter\CodeIgniter->handleRequest(null, Object(Config\Cache), false)
 5 FCPATH\index.php(79): CodeIgniter\CodeIgniter->run()
CRITICAL - 2024-04-27 02:20:59 --> ErrorException: Undefined property: App\Controllers\InputsController::$load
in APPPATH\Controllers\InputsController.php on line 16.
 1 APPPATH\Controllers\InputsController.php(16): CodeIgniter\Debug\Exceptions->errorHandler(2, 'Undefined property: App\\Controllers\\InputsController::$load', 'C:\\xampp\\htdocs\\framework_ci4_ministerio\\app\\Controllers\\InputsController.php', 16)
 2 SYSTEMPATH\CodeIgniter.php(941): App\Controllers\InputsController->index()
 3 SYSTEMPATH\CodeIgniter.php(502): CodeIgniter\CodeIgniter->runController(Object(App\Controllers\InputsController))
 4 SYSTEMPATH\CodeIgniter.php(361): CodeIgniter\CodeIgniter->handleRequest(null, Object(Config\Cache), false)
 5 FCPATH\index.php(79): CodeIgniter\CodeIgniter->run()
CRITICAL - 2024-04-27 02:21:27 --> ErrorException: Undefined property: App\Controllers\InputsController::$load
in APPPATH\Controllers\InputsController.php on line 16.
 1 APPPATH\Controllers\InputsController.php(16): CodeIgniter\Debug\Exceptions->errorHandler(2, 'Undefined property: App\\Controllers\\InputsController::$load', 'C:\\xampp\\htdocs\\framework_ci4_ministerio\\app\\Controllers\\InputsController.php', 16)
 2 SYSTEMPATH\CodeIgniter.php(941): App\Controllers\InputsController->index()
 3 SYSTEMPATH\CodeIgniter.php(502): CodeIgniter\CodeIgniter->runController(Object(App\Controllers\InputsController))
 4 SYSTEMPATH\CodeIgniter.php(361): CodeIgniter\CodeIgniter->handleRequest(null, Object(Config\Cache), false)
 5 FCPATH\index.php(79): CodeIgniter\CodeIgniter->run()
CRITICAL - 2024-04-27 02:21:28 --> ErrorException: Undefined property: App\Controllers\InputsController::$load
in APPPATH\Controllers\InputsController.php on line 16.
 1 APPPATH\Controllers\InputsController.php(16): CodeIgniter\Debug\Exceptions->errorHandler(2, 'Undefined property: App\\Controllers\\InputsController::$load', 'C:\\xampp\\htdocs\\framework_ci4_ministerio\\app\\Controllers\\InputsController.php', 16)
 2 SYSTEMPATH\CodeIgniter.php(941): App\Controllers\InputsController->index()
 3 SYSTEMPATH\CodeIgniter.php(502): CodeIgniter\CodeIgniter->runController(Object(App\Controllers\InputsController))
 4 SYSTEMPATH\CodeIgniter.php(361): CodeIgniter\CodeIgniter->handleRequest(null, Object(Config\Cache), false)
 5 FCPATH\index.php(79): CodeIgniter\CodeIgniter->run()
CRITICAL - 2024-04-27 02:30:27 --> ErrorException: Undefined property: App\Controllers\InputsController::$load
in APPPATH\Controllers\InputsController.php on line 22.
 1 APPPATH\Controllers\InputsController.php(22): CodeIgniter\Debug\Exceptions->errorHandler(2, 'Undefined property: App\\Controllers\\InputsController::$load', 'C:\\xampp\\htdocs\\framework_ci4_ministerio\\app\\Controllers\\InputsController.php', 22)
 2 SYSTEMPATH\CodeIgniter.php(941): App\Controllers\InputsController->save_data()
 3 SYSTEMPATH\CodeIgniter.php(502): CodeIgniter\CodeIgniter->runController(Object(App\Controllers\InputsController))
 4 SYSTEMPATH\CodeIgniter.php(361): CodeIgniter\CodeIgniter->handleRequest(null, Object(Config\Cache), false)
 5 FCPATH\index.php(79): CodeIgniter\CodeIgniter->run()
CRITICAL - 2024-04-27 02:33:34 --> ParseError: syntax error, unexpected variable "$this", expecting "function" or "const"
in APPPATH\Controllers\InputsController.php on line 16.
 1 SYSTEMPATH\Autoloader\Autoloader.php(290): CodeIgniter\Autoloader\Autoloader->includeFile('C:\\xampp\\htdocs\\framework_ci4_ministerio\\app\\Controllers\\InputsController.php')
 2 SYSTEMPATH\Autoloader\Autoloader.php(266): CodeIgniter\Autoloader\Autoloader->loadInNamespace('App\\Controllers\\InputsController')
 3 [internal function]: CodeIgniter\Autoloader\Autoloader->loadClass('App\\Controllers\\InputsController')
 4 SYSTEMPATH\CodeIgniter.php(899): class_exists('\\App\\Controllers\\InputsController', true)
 5 SYSTEMPATH\CodeIgniter.php(489): CodeIgniter\CodeIgniter->startController()
 6 SYSTEMPATH\CodeIgniter.php(361): CodeIgniter\CodeIgniter->handleRequest(null, Object(Config\Cache), false)
 7 FCPATH\index.php(79): CodeIgniter\CodeIgniter->run()
CRITICAL - 2024-04-27 02:35:23 --> Error: Class "CI_Model" not found
in APPPATH\Models\Model.php on line 6.
 1 SYSTEMPATH\Autoloader\Autoloader.php(311): include_once()
 2 SYSTEMPATH\Autoloader\Autoloader.php(290): CodeIgniter\Autoloader\Autoloader->includeFile('C:\\xampp\\htdocs\\framework_ci4_ministerio\\app\\Models\\Model.php')
 3 SYSTEMPATH\Autoloader\Autoloader.php(266): CodeIgniter\Autoloader\Autoloader->loadInNamespace('App\\Models\\Model')
 4 APPPATH\Controllers\InputsController.php(20): CodeIgniter\Autoloader\Autoloader->loadClass('App\\Models\\Model')
 5 SYSTEMPATH\CodeIgniter.php(913): App\Controllers\InputsController->__construct()
 6 SYSTEMPATH\CodeIgniter.php(493): CodeIgniter\CodeIgniter->createController()
 7 SYSTEMPATH\CodeIgniter.php(361): CodeIgniter\CodeIgniter->handleRequest(null, Object(Config\Cache), false)
 8 FCPATH\index.php(79): CodeIgniter\CodeIgniter->run()
CRITICAL - 2024-04-27 02:36:10 --> ErrorException: Cannot declare class App\Models\Model because the name is already in use
in APPPATH\Models\Model.php on line 11.
 1 [internal function]: CodeIgniter\Debug\Exceptions->shutdownHandler()
CRITICAL - 2024-04-27 02:36:56 --> Error: Class "App\Models\vModel" not found
in APPPATH\Controllers\InputsController.php on line 20.
 1 SYSTEMPATH\CodeIgniter.php(913): App\Controllers\InputsController->__construct()
 2 SYSTEMPATH\CodeIgniter.php(493): CodeIgniter\CodeIgniter->createController()
 3 SYSTEMPATH\CodeIgniter.php(361): CodeIgniter\CodeIgniter->handleRequest(null, Object(Config\Cache), false)
 4 FCPATH\index.php(79): CodeIgniter\CodeIgniter->run()
CRITICAL - 2024-04-27 02:37:19 --> ErrorException: Undefined property: App\Controllers\InputsController::$load
in APPPATH\Controllers\InputsController.php on line 33.
 1 APPPATH\Controllers\InputsController.php(33): CodeIgniter\Debug\Exceptions->errorHandler(2, 'Undefined property: App\\Controllers\\InputsController::$load', 'C:\\xampp\\htdocs\\framework_ci4_ministerio\\app\\Controllers\\InputsController.php', 33)
 2 SYSTEMPATH\CodeIgniter.php(941): App\Controllers\InputsController->save_data()
 3 SYSTEMPATH\CodeIgniter.php(502): CodeIgniter\CodeIgniter->runController(Object(App\Controllers\InputsController))
 4 SYSTEMPATH\CodeIgniter.php(361): CodeIgniter\CodeIgniter->handleRequest(null, Object(Config\Cache), false)
 5 FCPATH\index.php(79): CodeIgniter\CodeIgniter->run()
CRITICAL - 2024-04-27 02:38:01 --> Error: Call to undefined method App\Controllers\InputsController::Model()
in APPPATH\Controllers\InputsController.php on line 33.
 1 SYSTEMPATH\CodeIgniter.php(941): App\Controllers\InputsController->save_data()
 2 SYSTEMPATH\CodeIgniter.php(502): CodeIgniter\CodeIgniter->runController(Object(App\Controllers\InputsController))
 3 SYSTEMPATH\CodeIgniter.php(361): CodeIgniter\CodeIgniter->handleRequest(null, Object(Config\Cache), false)
 4 FCPATH\index.php(79): CodeIgniter\CodeIgniter->run()
CRITICAL - 2024-04-27 02:38:23 --> ErrorException: Undefined property: App\Controllers\InputsController::$input
in APPPATH\Controllers\InputsController.php on line 37.
 1 APPPATH\Controllers\InputsController.php(37): CodeIgniter\Debug\Exceptions->errorHandler(2, 'Undefined property: App\\Controllers\\InputsController::$input', 'C:\\xampp\\htdocs\\framework_ci4_ministerio\\app\\Controllers\\InputsController.php', 37)
 2 SYSTEMPATH\CodeIgniter.php(941): App\Controllers\InputsController->save_data()
 3 SYSTEMPATH\CodeIgniter.php(502): CodeIgniter\CodeIgniter->runController(Object(App\Controllers\InputsController))
 4 SYSTEMPATH\CodeIgniter.php(361): CodeIgniter\CodeIgniter->handleRequest(null, Object(Config\Cache), false)
 5 FCPATH\index.php(79): CodeIgniter\CodeIgniter->run()
CRITICAL - 2024-04-27 02:40:48 --> ErrorException: Undefined property: App\Controllers\InputsController::$load
in APPPATH\Controllers\InputsController.php on line 33.
 1 APPPATH\Controllers\InputsController.php(33): CodeIgniter\Debug\Exceptions->errorHandler(2, 'Undefined property: App\\Controllers\\InputsController::$load', 'C:\\xampp\\htdocs\\framework_ci4_ministerio\\app\\Controllers\\InputsController.php', 33)
 2 SYSTEMPATH\CodeIgniter.php(941): App\Controllers\InputsController->save_data()
 3 SYSTEMPATH\CodeIgniter.php(502): CodeIgniter\CodeIgniter->runController(Object(App\Controllers\InputsController))
 4 SYSTEMPATH\CodeIgniter.php(361): CodeIgniter\CodeIgniter->handleRequest(null, Object(Config\Cache), false)
 5 FCPATH\index.php(79): CodeIgniter\CodeIgniter->run()
CRITICAL - 2024-04-27 02:40:57 --> ErrorException: Undefined property: App\Controllers\InputsController::$load
in APPPATH\Controllers\InputsController.php on line 33.
 1 APPPATH\Controllers\InputsController.php(33): CodeIgniter\Debug\Exceptions->errorHandler(2, 'Undefined property: App\\Controllers\\InputsController::$load', 'C:\\xampp\\htdocs\\framework_ci4_ministerio\\app\\Controllers\\InputsController.php', 33)
 2 SYSTEMPATH\CodeIgniter.php(941): App\Controllers\InputsController->save_data()
 3 SYSTEMPATH\CodeIgniter.php(502): CodeIgniter\CodeIgniter->runController(Object(App\Controllers\InputsController))
 4 SYSTEMPATH\CodeIgniter.php(361): CodeIgniter\CodeIgniter->handleRequest(null, Object(Config\Cache), false)
 5 FCPATH\index.php(79): CodeIgniter\CodeIgniter->run()
CRITICAL - 2024-04-27 02:41:16 --> Error: Call to undefined method App\Controllers\InputsController::Model()
in APPPATH\Controllers\InputsController.php on line 33.
 1 SYSTEMPATH\CodeIgniter.php(941): App\Controllers\InputsController->save_data()
 2 SYSTEMPATH\CodeIgniter.php(502): CodeIgniter\CodeIgniter->runController(Object(App\Controllers\InputsController))
 3 SYSTEMPATH\CodeIgniter.php(361): CodeIgniter\CodeIgniter->handleRequest(null, Object(Config\Cache), false)
 4 FCPATH\index.php(79): CodeIgniter\CodeIgniter->run()
CRITICAL - 2024-04-27 02:41:37 --> ErrorException: Undefined property: App\Controllers\InputsController::$Model
in APPPATH\Controllers\InputsController.php on line 33.
 1 APPPATH\Controllers\InputsController.php(33): CodeIgniter\Debug\Exceptions->errorHandler(2, 'Undefined property: App\\Controllers\\InputsController::$Model', 'C:\\xampp\\htdocs\\framework_ci4_ministerio\\app\\Controllers\\InputsController.php', 33)
 2 SYSTEMPATH\CodeIgniter.php(941): App\Controllers\InputsController->save_data()
 3 SYSTEMPATH\CodeIgniter.php(502): CodeIgniter\CodeIgniter->runController(Object(App\Controllers\InputsController))
 4 SYSTEMPATH\CodeIgniter.php(361): CodeIgniter\CodeIgniter->handleRequest(null, Object(Config\Cache), false)
 5 FCPATH\index.php(79): CodeIgniter\CodeIgniter->run()
CRITICAL - 2024-04-27 02:42:06 --> CodeIgniter\Database\Exceptions\DatabaseException: You must set the database table to be used with your query.
in SYSTEMPATH\Database\BaseConnection.php on line 884.
 1 SYSTEMPATH\Model.php(662): CodeIgniter\Database\BaseConnection->table(null)
 2 SYSTEMPATH\Model.php(864): CodeIgniter\Model->builder()
 3 APPPATH\Controllers\InputsController.php(33): CodeIgniter\Model->__call('Model', [...])
 4 SYSTEMPATH\CodeIgniter.php(941): App\Controllers\InputsController->save_data()
 5 SYSTEMPATH\CodeIgniter.php(502): CodeIgniter\CodeIgniter->runController(Object(App\Controllers\InputsController))
 6 SYSTEMPATH\CodeIgniter.php(361): CodeIgniter\CodeIgniter->handleRequest(null, Object(Config\Cache), false)
 7 FCPATH\index.php(79): CodeIgniter\CodeIgniter->run()
CRITICAL - 2024-04-27 02:44:53 --> BadMethodCallException: Call to undefined method App\Models\vModel::Model
in SYSTEMPATH\Model.php on line 874.
 1 APPPATH\Controllers\InputsController.php(33): CodeIgniter\Model->__call('Model', [...])
 2 SYSTEMPATH\CodeIgniter.php(941): App\Controllers\InputsController->save_data()
 3 SYSTEMPATH\CodeIgniter.php(502): CodeIgniter\CodeIgniter->runController(Object(App\Controllers\InputsController))
 4 SYSTEMPATH\CodeIgniter.php(361): CodeIgniter\CodeIgniter->handleRequest(null, Object(Config\Cache), false)
 5 FCPATH\index.php(79): CodeIgniter\CodeIgniter->run()
CRITICAL - 2024-04-27 02:46:50 --> BadMethodCallException: Call to undefined method App\Models\vModel::Model
in SYSTEMPATH\Model.php on line 874.
 1 APPPATH\Controllers\InputsController.php(33): CodeIgniter\Model->__call('Model', [...])
 2 SYSTEMPATH\CodeIgniter.php(941): App\Controllers\InputsController->save_data()
 3 SYSTEMPATH\CodeIgniter.php(502): CodeIgniter\CodeIgniter->runController(Object(App\Controllers\InputsController))
 4 SYSTEMPATH\CodeIgniter.php(361): CodeIgniter\CodeIgniter->handleRequest(null, Object(Config\Cache), false)
 5 FCPATH\index.php(79): CodeIgniter\CodeIgniter->run()
CRITICAL - 2024-04-27 02:46:58 --> BadMethodCallException: Call to undefined method App\Models\vModel::Model
in SYSTEMPATH\Model.php on line 874.
 1 APPPATH\Controllers\InputsController.php(33): CodeIgniter\Model->__call('Model', [...])
 2 SYSTEMPATH\CodeIgniter.php(941): App\Controllers\InputsController->save_data()
 3 SYSTEMPATH\CodeIgniter.php(502): CodeIgniter\CodeIgniter->runController(Object(App\Controllers\InputsController))
 4 SYSTEMPATH\CodeIgniter.php(361): CodeIgniter\CodeIgniter->handleRequest(null, Object(Config\Cache), false)
 5 FCPATH\index.php(79): CodeIgniter\CodeIgniter->run()
CRITICAL - 2024-04-27 02:47:25 --> ErrorException: Undefined property: App\Controllers\InputsController::$input
in APPPATH\Controllers\InputsController.php on line 36.
 1 APPPATH\Controllers\InputsController.php(36): CodeIgniter\Debug\Exceptions->errorHandler(2, 'Undefined property: App\\Controllers\\InputsController::$input', 'C:\\xampp\\htdocs\\framework_ci4_ministerio\\app\\Controllers\\InputsController.php', 36)
 2 SYSTEMPATH\CodeIgniter.php(941): App\Controllers\InputsController->save_data()
 3 SYSTEMPATH\CodeIgniter.php(502): CodeIgniter\CodeIgniter->runController(Object(App\Controllers\InputsController))
 4 SYSTEMPATH\CodeIgniter.php(361): CodeIgniter\CodeIgniter->handleRequest(null, Object(Config\Cache), false)
 5 FCPATH\index.php(79): CodeIgniter\CodeIgniter->run()
CRITICAL - 2024-04-27 02:51:20 --> Error: Call to a member function post() on null
in APPPATH\Controllers\InputsController.php on line 36.
 1 SYSTEMPATH\CodeIgniter.php(941): App\Controllers\InputsController->save_data()
 2 SYSTEMPATH\CodeIgniter.php(502): CodeIgniter\CodeIgniter->runController(Object(App\Controllers\InputsController))
 3 SYSTEMPATH\CodeIgniter.php(361): CodeIgniter\CodeIgniter->handleRequest(null, Object(Config\Cache), false)
 4 FCPATH\index.php(79): CodeIgniter\CodeIgniter->run()
CRITICAL - 2024-04-27 02:53:39 --> BadMethodCallException: Call to undefined method App\Models\vModel::post
in SYSTEMPATH\Model.php on line 874.
 1 APPPATH\Controllers\InputsController.php(36): CodeIgniter\Model->__call('post', [...])
 2 SYSTEMPATH\CodeIgniter.php(941): App\Controllers\InputsController->save_data()
 3 SYSTEMPATH\CodeIgniter.php(502): CodeIgniter\CodeIgniter->runController(Object(App\Controllers\InputsController))
 4 SYSTEMPATH\CodeIgniter.php(361): CodeIgniter\CodeIgniter->handleRequest(null, Object(Config\Cache), false)
 5 FCPATH\index.php(79): CodeIgniter\CodeIgniter->run()
CRITICAL - 2024-04-27 03:02:12 --> Error: Class "App\Models\Model" not found
in APPPATH\Controllers\InputsController.php on line 18.
 1 SYSTEMPATH\CodeIgniter.php(941): App\Controllers\InputsController->save_data()
 2 SYSTEMPATH\CodeIgniter.php(502): CodeIgniter\CodeIgniter->runController(Object(App\Controllers\InputsController))
 3 SYSTEMPATH\CodeIgniter.php(361): CodeIgniter\CodeIgniter->handleRequest(null, Object(Config\Cache), false)
 4 FCPATH\index.php(79): CodeIgniter\CodeIgniter->run()
CRITICAL - 2024-04-27 03:03:08 --> Error: Call to undefined method CodeIgniter\Database\MySQLi\Connection::insert()
in APPPATH\Models\vModel.php on line 28.
 1 APPPATH\Controllers\InputsController.php(23): App\Models\vModel->insert_data('ccc')
 2 SYSTEMPATH\CodeIgniter.php(941): App\Controllers\InputsController->save_data()
 3 SYSTEMPATH\CodeIgniter.php(502): CodeIgniter\CodeIgniter->runController(Object(App\Controllers\InputsController))
 4 SYSTEMPATH\CodeIgniter.php(361): CodeIgniter\CodeIgniter->handleRequest(null, Object(Config\Cache), false)
 5 FCPATH\index.php(79): CodeIgniter\CodeIgniter->run()
CRITICAL - 2024-04-27 03:06:09 --> TypeError: CodeIgniter\BaseModel::transformDataToArray(): Return value must be of type array, string returned
in SYSTEMPATH\BaseModel.php on line 1804.
 1 SYSTEMPATH\BaseModel.php(768): CodeIgniter\BaseModel->transformDataToArray('ccc', 'insert')
 2 SYSTEMPATH\Model.php(744): CodeIgniter\BaseModel->insert('ccc', true)
 3 APPPATH\Models\vModel.php(20): CodeIgniter\Model->insert('ccc')
 4 APPPATH\Controllers\InputsController.php(23): App\Models\vModel->insert_data('ccc')
 5 SYSTEMPATH\CodeIgniter.php(941): App\Controllers\InputsController->save_data()
 6 SYSTEMPATH\CodeIgniter.php(502): CodeIgniter\CodeIgniter->runController(Object(App\Controllers\InputsController))
 7 SYSTEMPATH\CodeIgniter.php(361): CodeIgniter\CodeIgniter->handleRequest(null, Object(Config\Cache), false)
 8 FCPATH\index.php(79): CodeIgniter\CodeIgniter->run()
CRITICAL - 2024-04-27 03:06:51 --> TypeError: CodeIgniter\BaseModel::transformDataToArray(): Return value must be of type array, string returned
in SYSTEMPATH\BaseModel.php on line 1804.
 1 SYSTEMPATH\BaseModel.php(768): CodeIgniter\BaseModel->transformDataToArray('ccc', 'insert')
 2 SYSTEMPATH\Model.php(744): CodeIgniter\BaseModel->insert('ccc', true)
 3 APPPATH\Models\vModel.php(20): CodeIgniter\Model->insert('ccc')
 4 APPPATH\Controllers\InputsController.php(23): App\Models\vModel->insert_data('ccc')
 5 SYSTEMPATH\CodeIgniter.php(941): App\Controllers\InputsController->save_data()
 6 SYSTEMPATH\CodeIgniter.php(502): CodeIgniter\CodeIgniter->runController(Object(App\Controllers\InputsController))
 7 SYSTEMPATH\CodeIgniter.php(361): CodeIgniter\CodeIgniter->handleRequest(null, Object(Config\Cache), false)
 8 FCPATH\index.php(79): CodeIgniter\CodeIgniter->run()
CRITICAL - 2024-04-27 03:06:59 --> TypeError: CodeIgniter\BaseModel::transformDataToArray(): Return value must be of type array, string returned
in SYSTEMPATH\BaseModel.php on line 1804.
 1 SYSTEMPATH\BaseModel.php(768): CodeIgniter\BaseModel->transformDataToArray('nnn', 'insert')
 2 SYSTEMPATH\Model.php(744): CodeIgniter\BaseModel->insert('nnn', true)
 3 APPPATH\Models\vModel.php(20): CodeIgniter\Model->insert('nnn')
 4 APPPATH\Controllers\InputsController.php(23): App\Models\vModel->insert_data('nnn')
 5 SYSTEMPATH\CodeIgniter.php(941): App\Controllers\InputsController->save_data()
 6 SYSTEMPATH\CodeIgniter.php(502): CodeIgniter\CodeIgniter->runController(Object(App\Controllers\InputsController))
 7 SYSTEMPATH\CodeIgniter.php(361): CodeIgniter\CodeIgniter->handleRequest(null, Object(Config\Cache), false)
 8 FCPATH\index.php(79): CodeIgniter\CodeIgniter->run()
CRITICAL - 2024-04-27 03:07:32 --> TypeError: CodeIgniter\BaseModel::transformDataToArray(): Return value must be of type array, string returned
in SYSTEMPATH\BaseModel.php on line 1804.
 1 SYSTEMPATH\BaseModel.php(768): CodeIgniter\BaseModel->transformDataToArray('nnn', 'insert')
 2 SYSTEMPATH\Model.php(744): CodeIgniter\BaseModel->insert('nnn', true)
 3 APPPATH\Models\vModel.php(20): CodeIgniter\Model->insert('nnn')
 4 APPPATH\Controllers\InputsController.php(23): App\Models\vModel->insert_data('nnn')
 5 SYSTEMPATH\CodeIgniter.php(941): App\Controllers\InputsController->save_data()
 6 SYSTEMPATH\CodeIgniter.php(502): CodeIgniter\CodeIgniter->runController(Object(App\Controllers\InputsController))
 7 SYSTEMPATH\CodeIgniter.php(361): CodeIgniter\CodeIgniter->handleRequest(null, Object(Config\Cache), false)
 8 FCPATH\index.php(79): CodeIgniter\CodeIgniter->run()
CRITICAL - 2024-04-27 03:07:39 --> TypeError: CodeIgniter\BaseModel::transformDataToArray(): Return value must be of type array, string returned
in SYSTEMPATH\BaseModel.php on line 1804.
 1 SYSTEMPATH\BaseModel.php(768): CodeIgniter\BaseModel->transformDataToArray('bbb', 'insert')
 2 SYSTEMPATH\Model.php(744): CodeIgniter\BaseModel->insert('bbb', true)
 3 APPPATH\Models\vModel.php(20): CodeIgniter\Model->insert('bbb')
 4 APPPATH\Controllers\InputsController.php(23): App\Models\vModel->insert_data('bbb')
 5 SYSTEMPATH\CodeIgniter.php(941): App\Controllers\InputsController->save_data()
 6 SYSTEMPATH\CodeIgniter.php(502): CodeIgniter\CodeIgniter->runController(Object(App\Controllers\InputsController))
 7 SYSTEMPATH\CodeIgniter.php(361): CodeIgniter\CodeIgniter->handleRequest(null, Object(Config\Cache), false)
 8 FCPATH\index.php(79): CodeIgniter\CodeIgniter->run()
CRITICAL - 2024-04-27 03:08:20 --> TypeError: CodeIgniter\BaseModel::transformDataToArray(): Return value must be of type array, string returned
in SYSTEMPATH\BaseModel.php on line 1804.
 1 SYSTEMPATH\BaseModel.php(768): CodeIgniter\BaseModel->transformDataToArray('bbb', 'insert')
 2 SYSTEMPATH\Model.php(744): CodeIgniter\BaseModel->insert('bbb', true)
 3 APPPATH\Models\vModel.php(20): CodeIgniter\Model->insert('bbb')
 4 APPPATH\Controllers\InputsController.php(23): App\Models\vModel->insert_data('bbb')
 5 SYSTEMPATH\CodeIgniter.php(941): App\Controllers\InputsController->save_data()
 6 SYSTEMPATH\CodeIgniter.php(502): CodeIgniter\CodeIgniter->runController(Object(App\Controllers\InputsController))
 7 SYSTEMPATH\CodeIgniter.php(361): CodeIgniter\CodeIgniter->handleRequest(null, Object(Config\Cache), false)
 8 FCPATH\index.php(79): CodeIgniter\CodeIgniter->run()
CRITICAL - 2024-04-27 03:08:28 --> TypeError: CodeIgniter\BaseModel::transformDataToArray(): Return value must be of type array, string returned
in SYSTEMPATH\BaseModel.php on line 1804.
 1 SYSTEMPATH\BaseModel.php(768): CodeIgniter\BaseModel->transformDataToArray('bbb', 'insert')
 2 SYSTEMPATH\Model.php(744): CodeIgniter\BaseModel->insert('bbb', true)
 3 APPPATH\Models\vModel.php(20): CodeIgniter\Model->insert('bbb')
 4 APPPATH\Controllers\InputsController.php(23): App\Models\vModel->insert_data('bbb')
 5 SYSTEMPATH\CodeIgniter.php(941): App\Controllers\InputsController->save_data()
 6 SYSTEMPATH\CodeIgniter.php(502): CodeIgniter\CodeIgniter->runController(Object(App\Controllers\InputsController))
 7 SYSTEMPATH\CodeIgniter.php(361): CodeIgniter\CodeIgniter->handleRequest(null, Object(Config\Cache), false)
 8 FCPATH\index.php(79): CodeIgniter\CodeIgniter->run()
CRITICAL - 2024-04-27 03:09:20 --> TypeError: CodeIgniter\BaseModel::transformDataToArray(): Return value must be of type array, string returned
in SYSTEMPATH\BaseModel.php on line 1804.
 1 SYSTEMPATH\BaseModel.php(768): CodeIgniter\BaseModel->transformDataToArray('bbb', 'insert')
 2 SYSTEMPATH\Model.php(744): CodeIgniter\BaseModel->insert('bbb', true)
 3 APPPATH\Models\vModel.php(21): CodeIgniter\Model->insert('bbb')
 4 APPPATH\Controllers\InputsController.php(23): App\Models\vModel->insert_data('bbb')
 5 SYSTEMPATH\CodeIgniter.php(941): App\Controllers\InputsController->save_data()
 6 SYSTEMPATH\CodeIgniter.php(502): CodeIgniter\CodeIgniter->runController(Object(App\Controllers\InputsController))
 7 SYSTEMPATH\CodeIgniter.php(361): CodeIgniter\CodeIgniter->handleRequest(null, Object(Config\Cache), false)
 8 FCPATH\index.php(79): CodeIgniter\CodeIgniter->run()
CRITICAL - 2024-04-27 03:09:25 --> TypeError: CodeIgniter\BaseModel::transformDataToArray(): Return value must be of type array, string returned
in SYSTEMPATH\BaseModel.php on line 1804.
 1 SYSTEMPATH\BaseModel.php(768): CodeIgniter\BaseModel->transformDataToArray('h', 'insert')
 2 SYSTEMPATH\Model.php(744): CodeIgniter\BaseModel->insert('h', true)
 3 APPPATH\Models\vModel.php(21): CodeIgniter\Model->insert('h')
 4 APPPATH\Controllers\InputsController.php(23): App\Models\vModel->insert_data('h')
 5 SYSTEMPATH\CodeIgniter.php(941): App\Controllers\InputsController->save_data()
 6 SYSTEMPATH\CodeIgniter.php(502): CodeIgniter\CodeIgniter->runController(Object(App\Controllers\InputsController))
 7 SYSTEMPATH\CodeIgniter.php(361): CodeIgniter\CodeIgniter->handleRequest(null, Object(Config\Cache), false)
 8 FCPATH\index.php(79): CodeIgniter\CodeIgniter->run()
CRITICAL - 2024-04-27 03:14:17 --> ParseError: syntax error, unexpected token "echo"
in APPPATH\Views\dynamic_inputs.php on line 11.
 1 SYSTEMPATH\View\View.php(231): CodeIgniter\View\View->CodeIgniter\View\{closure}()
 2 SYSTEMPATH\Common.php(1178): CodeIgniter\View\View->render('dynamic_inputs', [], true)
 3 APPPATH\Controllers\InputsController.php(13): view('dynamic_inputs')
 4 SYSTEMPATH\CodeIgniter.php(941): App\Controllers\InputsController->index()
 5 SYSTEMPATH\CodeIgniter.php(502): CodeIgniter\CodeIgniter->runController(Object(App\Controllers\InputsController))
 6 SYSTEMPATH\CodeIgniter.php(361): CodeIgniter\CodeIgniter->handleRequest(null, Object(Config\Cache), false)
 7 FCPATH\index.php(79): CodeIgniter\CodeIgniter->run()
CRITICAL - 2024-04-27 03:15:07 --> TypeError: CodeIgniter\BaseModel::transformDataToArray(): Return value must be of type array, string returned
in SYSTEMPATH\BaseModel.php on line 1804.
 1 SYSTEMPATH\BaseModel.php(768): CodeIgniter\BaseModel->transformDataToArray('bb', 'insert')
 2 SYSTEMPATH\Model.php(744): CodeIgniter\BaseModel->insert('bb', true)
 3 APPPATH\Models\vModel.php(21): CodeIgniter\Model->insert('bb')
 4 APPPATH\Controllers\InputsController.php(23): App\Models\vModel->insert_data('bb')
 5 SYSTEMPATH\CodeIgniter.php(941): App\Controllers\InputsController->save_data()
 6 SYSTEMPATH\CodeIgniter.php(502): CodeIgniter\CodeIgniter->runController(Object(App\Controllers\InputsController))
 7 SYSTEMPATH\CodeIgniter.php(361): CodeIgniter\CodeIgniter->handleRequest(null, Object(Config\Cache), false)
 8 FCPATH\index.php(79): CodeIgniter\CodeIgniter->run()
CRITICAL - 2024-04-27 03:25:12 --> Error: Class "App\Models\vModel" not found
in APPPATH\Controllers\InputsController.php on line 18.
 1 SYSTEMPATH\CodeIgniter.php(941): App\Controllers\InputsController->save_data()
 2 SYSTEMPATH\CodeIgniter.php(502): CodeIgniter\CodeIgniter->runController(Object(App\Controllers\InputsController))
 3 SYSTEMPATH\CodeIgniter.php(361): CodeIgniter\CodeIgniter->handleRequest(null, Object(Config\Cache), false)
 4 FCPATH\index.php(79): CodeIgniter\CodeIgniter->run()
ERROR - 2024-04-27 03:26:17 --> mysqli_sql_exception: Table 'valorador.dynamic_inputs' doesn't exist in C:\xampp\htdocs\framework_ci4_ministerio\system\Database\MySQLi\Connection.php:306
Stack trace:
#0 C:\xampp\htdocs\framework_ci4_ministerio\system\Database\MySQLi\Connection.php(306): mysqli->query('INSERT INTO `dy...', 0)
#1 C:\xampp\htdocs\framework_ci4_ministerio\system\Database\BaseConnection.php(693): CodeIgniter\Database\MySQLi\Connection->execute('INSERT INTO `dy...')
#2 C:\xampp\htdocs\framework_ci4_ministerio\system\Database\BaseConnection.php(607): CodeIgniter\Database\BaseConnection->simpleQuery('INSERT INTO `dy...')
#3 C:\xampp\htdocs\framework_ci4_ministerio\system\Database\BaseBuilder.php(2307): CodeIgniter\Database\BaseConnection->query('INSERT INTO `dy...', Array, false)
#4 C:\xampp\htdocs\framework_ci4_ministerio\system\Model.php(326): CodeIgniter\Database\BaseBuilder->insert()
#5 C:\xampp\htdocs\framework_ci4_ministerio\system\BaseModel.php(802): CodeIgniter\Model->doInsert(Array)
#6 C:\xampp\htdocs\framework_ci4_ministerio\system\Model.php(744): CodeIgniter\BaseModel->insert(Array, true)
#7 C:\xampp\htdocs\framework_ci4_ministerio\app\Controllers\InputsController.php(23): CodeIgniter\Model->insert(Array)
#8 C:\xampp\htdocs\framework_ci4_ministerio\system\CodeIgniter.php(941): App\Controllers\InputsController->save_data()
#9 C:\xampp\htdocs\framework_ci4_ministerio\system\CodeIgniter.php(502): CodeIgniter\CodeIgniter->runController(Object(App\Controllers\InputsController))
#10 C:\xampp\htdocs\framework_ci4_ministerio\system\CodeIgniter.php(361): CodeIgniter\CodeIgniter->handleRequest(NULL, Object(Config\Cache), false)
#11 C:\xampp\htdocs\framework_ci4_ministerio\public\index.php(79): CodeIgniter\CodeIgniter->run()
#12 {main}
CRITICAL - 2024-04-27 03:26:17 --> CodeIgniter\Database\Exceptions\DatabaseException: Table 'valorador.dynamic_inputs' doesn't exist
in SYSTEMPATH\Database\BaseConnection.php on line 647.
 1 SYSTEMPATH\Database\BaseBuilder.php(2307): CodeIgniter\Database\BaseConnection->query('INSERT INTO `dynamic_inputs` (`input_value`) VALUES (:input_value:)', [...], false)
 2 SYSTEMPATH\Model.php(326): CodeIgniter\Database\BaseBuilder->insert()
 3 SYSTEMPATH\BaseModel.php(802): CodeIgniter\Model->doInsert([...])
 4 SYSTEMPATH\Model.php(744): CodeIgniter\BaseModel->insert([...], true)
 5 APPPATH\Controllers\InputsController.php(23): CodeIgniter\Model->insert([...])
 6 SYSTEMPATH\CodeIgniter.php(941): App\Controllers\InputsController->save_data()
 7 SYSTEMPATH\CodeIgniter.php(502): CodeIgniter\CodeIgniter->runController(Object(App\Controllers\InputsController))
 8 SYSTEMPATH\CodeIgniter.php(361): CodeIgniter\CodeIgniter->handleRequest(null, Object(Config\Cache), false)
 9 FCPATH\index.php(79): CodeIgniter\CodeIgniter->run()
CRITICAL - 2024-04-27 03:26:17 --> [Caused by] CodeIgniter\Database\Exceptions\DatabaseException: Table 'valorador.dynamic_inputs' doesn't exist
in SYSTEMPATH\Database\MySQLi\Connection.php on line 311.
 1 SYSTEMPATH\Database\BaseConnection.php(693): CodeIgniter\Database\MySQLi\Connection->execute('INSERT INTO `dynamic_inputs` (`input_value`) VALUES (\'bbb\')')
 2 SYSTEMPATH\Database\BaseConnection.php(607): CodeIgniter\Database\BaseConnection->simpleQuery('INSERT INTO `dynamic_inputs` (`input_value`) VALUES (\'bbb\')')
 3 SYSTEMPATH\Database\BaseBuilder.php(2307): CodeIgniter\Database\BaseConnection->query('INSERT INTO `dynamic_inputs` (`input_value`) VALUES (:input_value:)', [...], false)
 4 SYSTEMPATH\Model.php(326): CodeIgniter\Database\BaseBuilder->insert()
 5 SYSTEMPATH\BaseModel.php(802): CodeIgniter\Model->doInsert([...])
 6 SYSTEMPATH\Model.php(744): CodeIgniter\BaseModel->insert([...], true)
 7 APPPATH\Controllers\InputsController.php(23): CodeIgniter\Model->insert([...])
 8 SYSTEMPATH\CodeIgniter.php(941): App\Controllers\InputsController->save_data()
 9 SYSTEMPATH\CodeIgniter.php(502): CodeIgniter\CodeIgniter->runController(Object(App\Controllers\InputsController))
10 SYSTEMPATH\CodeIgniter.php(361): CodeIgniter\CodeIgniter->handleRequest(null, Object(Config\Cache), false)
11 FCPATH\index.php(79): CodeIgniter\CodeIgniter->run()
CRITICAL - 2024-04-27 03:26:17 --> [Caused by] mysqli_sql_exception: Table 'valorador.dynamic_inputs' doesn't exist
in SYSTEMPATH\Database\MySQLi\Connection.php on line 306.
 1 SYSTEMPATH\Database\MySQLi\Connection.php(306): mysqli->query('INSERT INTO `dynamic_inputs` (`input_value`) VALUES (\'bbb\')', 0)
 2 SYSTEMPATH\Database\BaseConnection.php(693): CodeIgniter\Database\MySQLi\Connection->execute('INSERT INTO `dynamic_inputs` (`input_value`) VALUES (\'bbb\')')
 3 SYSTEMPATH\Database\BaseConnection.php(607): CodeIgniter\Database\BaseConnection->simpleQuery('INSERT INTO `dynamic_inputs` (`input_value`) VALUES (\'bbb\')')
 4 SYSTEMPATH\Database\BaseBuilder.php(2307): CodeIgniter\Database\BaseConnection->query('INSERT INTO `dynamic_inputs` (`input_value`) VALUES (:input_value:)', [...], false)
 5 SYSTEMPATH\Model.php(326): CodeIgniter\Database\BaseBuilder->insert()
 6 SYSTEMPATH\BaseModel.php(802): CodeIgniter\Model->doInsert([...])
 7 SYSTEMPATH\Model.php(744): CodeIgniter\BaseModel->insert([...], true)
 8 APPPATH\Controllers\InputsController.php(23): CodeIgniter\Model->insert([...])
 9 SYSTEMPATH\CodeIgniter.php(941): App\Controllers\InputsController->save_data()
10 SYSTEMPATH\CodeIgniter.php(502): CodeIgniter\CodeIgniter->runController(Object(App\Controllers\InputsController))
11 SYSTEMPATH\CodeIgniter.php(361): CodeIgniter\CodeIgniter->handleRequest(null, Object(Config\Cache), false)
12 FCPATH\index.php(79): CodeIgniter\CodeIgniter->run()
