CRITICAL - 2024-03-17 12:52:00 --> TypeError: CodeIgniter\Model::insert(): Argument #2 ($returnID) must be of type bool, array given, called in C:\xampp\htdocs\framework_ci4_ministerio\app\Controllers\Validacion.php on line 123
in SYSTEMPATH\Model.php on line 730.
 1 APPPATH\Controllers\Validacion.php(123): CodeIgniter\Model->insert(5, [...])
 2 SYSTEMPATH\CodeIgniter.php(941): App\Controllers\Validacion->actualizar()
 3 SYSTEMPATH\CodeIgniter.php(502): CodeIgniter\CodeIgniter->runController(Object(App\Controllers\Validacion))
 4 SYSTEMPATH\CodeIgniter.php(361): CodeIgniter\CodeIgniter->handleRequest(null, Object(Config\Cache), false)
 5 FCPATH\index.php(79): CodeIgniter\CodeIgniter->run()
ERROR - 2024-03-17 13:03:44 --> mysqli_sql_exception: Unknown column 'deleted_at' in 'where clause' in C:\xampp\htdocs\framework_ci4_ministerio\system\Database\MySQLi\Connection.php:306
Stack trace:
#0 C:\xampp\htdocs\framework_ci4_ministerio\system\Database\MySQLi\Connection.php(306): mysqli->query('UPDATE `materia...', 0)
#1 C:\xampp\htdocs\framework_ci4_ministerio\system\Database\BaseConnection.php(693): CodeIgniter\Database\MySQLi\Connection->execute('UPDATE `materia...')
#2 C:\xampp\htdocs\framework_ci4_ministerio\system\Database\BaseConnection.php(607): CodeIgniter\Database\BaseConnection->simpleQuery('UPDATE `materia...')
#3 C:\xampp\htdocs\framework_ci4_ministerio\system\Database\BaseBuilder.php(2474): CodeIgniter\Database\BaseConnection->query('UPDATE `materia...', Array, false)
#4 C:\xampp\htdocs\framework_ci4_ministerio\system\Model.php(450): CodeIgniter\Database\BaseBuilder->update(Array)
#5 C:\xampp\htdocs\framework_ci4_ministerio\system\BaseModel.php(1117): CodeIgniter\Model->doDelete(Array, false)
#6 C:\xampp\htdocs\framework_ci4_ministerio\app\Controllers\Validacion.php(130): CodeIgniter\BaseModel->delete(Array)
#7 C:\xampp\htdocs\framework_ci4_ministerio\system\CodeIgniter.php(941): App\Controllers\Validacion->eliminar()
#8 C:\xampp\htdocs\framework_ci4_ministerio\system\CodeIgniter.php(502): CodeIgniter\CodeIgniter->runController(Object(App\Controllers\Validacion))
#9 C:\xampp\htdocs\framework_ci4_ministerio\system\CodeIgniter.php(361): CodeIgniter\CodeIgniter->handleRequest(NULL, Object(Config\Cache), false)
#10 C:\xampp\htdocs\framework_ci4_ministerio\public\index.php(79): CodeIgniter\CodeIgniter->run()
#11 {main}
CRITICAL - 2024-03-17 13:03:44 --> CodeIgniter\Database\Exceptions\DatabaseException: Unknown column 'deleted_at' in 'where clause'
in SYSTEMPATH\Database\BaseConnection.php on line 647.
 1 SYSTEMPATH\Database\BaseBuilder.php(2474): CodeIgniter\Database\BaseConnection->query('UPDATE `materias` SET `deleted_at` = :deleted_at:
WHERE `id_materia` IN :id_materia:
AND `deleted_at` IS NULL', [...], false)
 2 SYSTEMPATH\Model.php(450): CodeIgniter\Database\BaseBuilder->update([...])
 3 SYSTEMPATH\BaseModel.php(1117): CodeIgniter\Model->doDelete([...], false)
 4 APPPATH\Controllers\Validacion.php(130): CodeIgniter\BaseModel->delete([...])
 5 SYSTEMPATH\CodeIgniter.php(941): App\Controllers\Validacion->eliminar()
 6 SYSTEMPATH\CodeIgniter.php(502): CodeIgniter\CodeIgniter->runController(Object(App\Controllers\Validacion))
 7 SYSTEMPATH\CodeIgniter.php(361): CodeIgniter\CodeIgniter->handleRequest(null, Object(Config\Cache), false)
 8 FCPATH\index.php(79): CodeIgniter\CodeIgniter->run()
CRITICAL - 2024-03-17 13:03:44 --> [Caused by] CodeIgniter\Database\Exceptions\DatabaseException: Unknown column 'deleted_at' in 'where clause'
in SYSTEMPATH\Database\MySQLi\Connection.php on line 311.
 1 SYSTEMPATH\Database\BaseConnection.php(693): CodeIgniter\Database\MySQLi\Connection->execute('UPDATE `materias` SET `deleted_at` = \'2024-03-17 13:03:44\'
WHERE `id_materia` IN (11)
AND `deleted_at` IS NULL')
 2 SYSTEMPATH\Database\BaseConnection.php(607): CodeIgniter\Database\BaseConnection->simpleQuery('UPDATE `materias` SET `deleted_at` = \'2024-03-17 13:03:44\'
WHERE `id_materia` IN (11)
AND `deleted_at` IS NULL')
 3 SYSTEMPATH\Database\BaseBuilder.php(2474): CodeIgniter\Database\BaseConnection->query('UPDATE `materias` SET `deleted_at` = :deleted_at:
WHERE `id_materia` IN :id_materia:
AND `deleted_at` IS NULL', [...], false)
 4 SYSTEMPATH\Model.php(450): CodeIgniter\Database\BaseBuilder->update([...])
 5 SYSTEMPATH\BaseModel.php(1117): CodeIgniter\Model->doDelete([...], false)
 6 APPPATH\Controllers\Validacion.php(130): CodeIgniter\BaseModel->delete([...])
 7 SYSTEMPATH\CodeIgniter.php(941): App\Controllers\Validacion->eliminar()
 8 SYSTEMPATH\CodeIgniter.php(502): CodeIgniter\CodeIgniter->runController(Object(App\Controllers\Validacion))
 9 SYSTEMPATH\CodeIgniter.php(361): CodeIgniter\CodeIgniter->handleRequest(null, Object(Config\Cache), false)
10 FCPATH\index.php(79): CodeIgniter\CodeIgniter->run()
CRITICAL - 2024-03-17 13:03:44 --> [Caused by] mysqli_sql_exception: Unknown column 'deleted_at' in 'where clause'
in SYSTEMPATH\Database\MySQLi\Connection.php on line 306.
 1 SYSTEMPATH\Database\MySQLi\Connection.php(306): mysqli->query('UPDATE `materias` SET `deleted_at` = \'2024-03-17 13:03:44\'
WHERE `id_materia` IN (11)
AND `deleted_at` IS NULL', 0)
 2 SYSTEMPATH\Database\BaseConnection.php(693): CodeIgniter\Database\MySQLi\Connection->execute('UPDATE `materias` SET `deleted_at` = \'2024-03-17 13:03:44\'
WHERE `id_materia` IN (11)
AND `deleted_at` IS NULL')
 3 SYSTEMPATH\Database\BaseConnection.php(607): CodeIgniter\Database\BaseConnection->simpleQuery('UPDATE `materias` SET `deleted_at` = \'2024-03-17 13:03:44\'
WHERE `id_materia` IN (11)
AND `deleted_at` IS NULL')
 4 SYSTEMPATH\Database\BaseBuilder.php(2474): CodeIgniter\Database\BaseConnection->query('UPDATE `materias` SET `deleted_at` = :deleted_at:
WHERE `id_materia` IN :id_materia:
AND `deleted_at` IS NULL', [...], false)
 5 SYSTEMPATH\Model.php(450): CodeIgniter\Database\BaseBuilder->update([...])
 6 SYSTEMPATH\BaseModel.php(1117): CodeIgniter\Model->doDelete([...], false)
 7 APPPATH\Controllers\Validacion.php(130): CodeIgniter\BaseModel->delete([...])
 8 SYSTEMPATH\CodeIgniter.php(941): App\Controllers\Validacion->eliminar()
 9 SYSTEMPATH\CodeIgniter.php(502): CodeIgniter\CodeIgniter->runController(Object(App\Controllers\Validacion))
10 SYSTEMPATH\CodeIgniter.php(361): CodeIgniter\CodeIgniter->handleRequest(null, Object(Config\Cache), false)
11 FCPATH\index.php(79): CodeIgniter\CodeIgniter->run()
CRITICAL - 2024-03-17 23:20:53 --> Error: Call to undefined method CodeIgniter\Database\MySQLi\Connection::getLasQuery()
in APPPATH\Controllers\Validacion.php on line 148.
 1 SYSTEMPATH\CodeIgniter.php(941): App\Controllers\Validacion->mostrar_materias()
 2 SYSTEMPATH\CodeIgniter.php(502): CodeIgniter\CodeIgniter->runController(Object(App\Controllers\Validacion))
 3 SYSTEMPATH\CodeIgniter.php(361): CodeIgniter\CodeIgniter->handleRequest(null, Object(Config\Cache), false)
 4 FCPATH\index.php(79): CodeIgniter\CodeIgniter->run()
ERROR - 2024-03-17 23:25:08 --> mysqli_sql_exception: You have an error in your SQL syntax; check the manual that corresponds to your MariaDB server version for the right syntax to use near '`%` = 'm'' at line 4 in C:\xampp\htdocs\framework_ci4_ministerio\system\Database\MySQLi\Connection.php:306
Stack trace:
#0 C:\xampp\htdocs\framework_ci4_ministerio\system\Database\MySQLi\Connection.php(306): mysqli->query('SELECT *\nFROM `...', 0)
#1 C:\xampp\htdocs\framework_ci4_ministerio\system\Database\BaseConnection.php(693): CodeIgniter\Database\MySQLi\Connection->execute('SELECT *\nFROM `...')
#2 C:\xampp\htdocs\framework_ci4_ministerio\system\Database\BaseConnection.php(607): CodeIgniter\Database\BaseConnection->simpleQuery('SELECT *\nFROM `...')
#3 C:\xampp\htdocs\framework_ci4_ministerio\system\Database\BaseBuilder.php(1616): CodeIgniter\Database\BaseConnection->query('SELECT *\nFROM `...', Array, false)
#4 C:\xampp\htdocs\framework_ci4_ministerio\app\Controllers\Validacion.php(145): CodeIgniter\Database\BaseBuilder->get()
#5 C:\xampp\htdocs\framework_ci4_ministerio\system\CodeIgniter.php(941): App\Controllers\Validacion->mostrar_materias()
#6 C:\xampp\htdocs\framework_ci4_ministerio\system\CodeIgniter.php(502): CodeIgniter\CodeIgniter->runController(Object(App\Controllers\Validacion))
#7 C:\xampp\htdocs\framework_ci4_ministerio\system\CodeIgniter.php(361): CodeIgniter\CodeIgniter->handleRequest(NULL, Object(Config\Cache), false)
#8 C:\xampp\htdocs\framework_ci4_ministerio\public\index.php(79): CodeIgniter\CodeIgniter->run()
#9 {main}
CRITICAL - 2024-03-17 23:25:08 --> CodeIgniter\Database\Exceptions\DatabaseException: You have an error in your SQL syntax; check the manual that corresponds to your MariaDB server version for the right syntax to use near '`%` = 'm'' at line 4
in SYSTEMPATH\Database\BaseConnection.php on line 647.
 1 SYSTEMPATH\Database\BaseBuilder.php(1616): CodeIgniter\Database\BaseConnection->query('SELECT *
FROM `materias`
WHERE `cuatrimestre` = :cuatrimestre:
AND `LIKE` `%` = :LIKE %:', [...], false)
 2 APPPATH\Controllers\Validacion.php(145): CodeIgniter\Database\BaseBuilder->get()
 3 SYSTEMPATH\CodeIgniter.php(941): App\Controllers\Validacion->mostrar_materias()
 4 SYSTEMPATH\CodeIgniter.php(502): CodeIgniter\CodeIgniter->runController(Object(App\Controllers\Validacion))
 5 SYSTEMPATH\CodeIgniter.php(361): CodeIgniter\CodeIgniter->handleRequest(null, Object(Config\Cache), false)
 6 FCPATH\index.php(79): CodeIgniter\CodeIgniter->run()
CRITICAL - 2024-03-17 23:25:08 --> [Caused by] CodeIgniter\Database\Exceptions\DatabaseException: You have an error in your SQL syntax; check the manual that corresponds to your MariaDB server version for the right syntax to use near '`%` = 'm'' at line 4
in SYSTEMPATH\Database\MySQLi\Connection.php on line 311.
 1 SYSTEMPATH\Database\BaseConnection.php(693): CodeIgniter\Database\MySQLi\Connection->execute('SELECT *
FROM `materias`
WHERE `cuatrimestre` = 1
AND `LIKE` `%` = \'m\'')
 2 SYSTEMPATH\Database\BaseConnection.php(607): CodeIgniter\Database\BaseConnection->simpleQuery('SELECT *
FROM `materias`
WHERE `cuatrimestre` = 1
AND `LIKE` `%` = \'m\'')
 3 SYSTEMPATH\Database\BaseBuilder.php(1616): CodeIgniter\Database\BaseConnection->query('SELECT *
FROM `materias`
WHERE `cuatrimestre` = :cuatrimestre:
AND `LIKE` `%` = :LIKE %:', [...], false)
 4 APPPATH\Controllers\Validacion.php(145): CodeIgniter\Database\BaseBuilder->get()
 5 SYSTEMPATH\CodeIgniter.php(941): App\Controllers\Validacion->mostrar_materias()
 6 SYSTEMPATH\CodeIgniter.php(502): CodeIgniter\CodeIgniter->runController(Object(App\Controllers\Validacion))
 7 SYSTEMPATH\CodeIgniter.php(361): CodeIgniter\CodeIgniter->handleRequest(null, Object(Config\Cache), false)
 8 FCPATH\index.php(79): CodeIgniter\CodeIgniter->run()
CRITICAL - 2024-03-17 23:25:08 --> [Caused by] mysqli_sql_exception: You have an error in your SQL syntax; check the manual that corresponds to your MariaDB server version for the right syntax to use near '`%` = 'm'' at line 4
in SYSTEMPATH\Database\MySQLi\Connection.php on line 306.
 1 SYSTEMPATH\Database\MySQLi\Connection.php(306): mysqli->query('SELECT *
FROM `materias`
WHERE `cuatrimestre` = 1
AND `LIKE` `%` = \'m\'', 0)
 2 SYSTEMPATH\Database\BaseConnection.php(693): CodeIgniter\Database\MySQLi\Connection->execute('SELECT *
FROM `materias`
WHERE `cuatrimestre` = 1
AND `LIKE` `%` = \'m\'')
 3 SYSTEMPATH\Database\BaseConnection.php(607): CodeIgniter\Database\BaseConnection->simpleQuery('SELECT *
FROM `materias`
WHERE `cuatrimestre` = 1
AND `LIKE` `%` = \'m\'')
 4 SYSTEMPATH\Database\BaseBuilder.php(1616): CodeIgniter\Database\BaseConnection->query('SELECT *
FROM `materias`
WHERE `cuatrimestre` = :cuatrimestre:
AND `LIKE` `%` = :LIKE %:', [...], false)
 5 APPPATH\Controllers\Validacion.php(145): CodeIgniter\Database\BaseBuilder->get()
 6 SYSTEMPATH\CodeIgniter.php(941): App\Controllers\Validacion->mostrar_materias()
 7 SYSTEMPATH\CodeIgniter.php(502): CodeIgniter\CodeIgniter->runController(Object(App\Controllers\Validacion))
 8 SYSTEMPATH\CodeIgniter.php(361): CodeIgniter\CodeIgniter->handleRequest(null, Object(Config\Cache), false)
 9 FCPATH\index.php(79): CodeIgniter\CodeIgniter->run()
ERROR - 2024-03-17 23:25:20 --> mysqli_sql_exception: Unknown column 'LIKE' in 'where clause' in C:\xampp\htdocs\framework_ci4_ministerio\system\Database\MySQLi\Connection.php:306
Stack trace:
#0 C:\xampp\htdocs\framework_ci4_ministerio\system\Database\MySQLi\Connection.php(306): mysqli->query('SELECT *\nFROM `...', 0)
#1 C:\xampp\htdocs\framework_ci4_ministerio\system\Database\BaseConnection.php(693): CodeIgniter\Database\MySQLi\Connection->execute('SELECT *\nFROM `...')
#2 C:\xampp\htdocs\framework_ci4_ministerio\system\Database\BaseConnection.php(607): CodeIgniter\Database\BaseConnection->simpleQuery('SELECT *\nFROM `...')
#3 C:\xampp\htdocs\framework_ci4_ministerio\system\Database\BaseBuilder.php(1616): CodeIgniter\Database\BaseConnection->query('SELECT *\nFROM `...', Array, false)
#4 C:\xampp\htdocs\framework_ci4_ministerio\app\Controllers\Validacion.php(145): CodeIgniter\Database\BaseBuilder->get()
#5 C:\xampp\htdocs\framework_ci4_ministerio\system\CodeIgniter.php(941): App\Controllers\Validacion->mostrar_materias()
#6 C:\xampp\htdocs\framework_ci4_ministerio\system\CodeIgniter.php(502): CodeIgniter\CodeIgniter->runController(Object(App\Controllers\Validacion))
#7 C:\xampp\htdocs\framework_ci4_ministerio\system\CodeIgniter.php(361): CodeIgniter\CodeIgniter->handleRequest(NULL, Object(Config\Cache), false)
#8 C:\xampp\htdocs\framework_ci4_ministerio\public\index.php(79): CodeIgniter\CodeIgniter->run()
#9 {main}
CRITICAL - 2024-03-17 23:25:20 --> CodeIgniter\Database\Exceptions\DatabaseException: Unknown column 'LIKE' in 'where clause'
in SYSTEMPATH\Database\BaseConnection.php on line 647.
 1 SYSTEMPATH\Database\BaseBuilder.php(1616): CodeIgniter\Database\BaseConnection->query('SELECT *
FROM `materias`
WHERE `cuatrimestre` = :cuatrimestre:
AND `LIKE` = :LIKE:', [...], false)
 2 APPPATH\Controllers\Validacion.php(145): CodeIgniter\Database\BaseBuilder->get()
 3 SYSTEMPATH\CodeIgniter.php(941): App\Controllers\Validacion->mostrar_materias()
 4 SYSTEMPATH\CodeIgniter.php(502): CodeIgniter\CodeIgniter->runController(Object(App\Controllers\Validacion))
 5 SYSTEMPATH\CodeIgniter.php(361): CodeIgniter\CodeIgniter->handleRequest(null, Object(Config\Cache), false)
 6 FCPATH\index.php(79): CodeIgniter\CodeIgniter->run()
CRITICAL - 2024-03-17 23:25:20 --> [Caused by] CodeIgniter\Database\Exceptions\DatabaseException: Unknown column 'LIKE' in 'where clause'
in SYSTEMPATH\Database\MySQLi\Connection.php on line 311.
 1 SYSTEMPATH\Database\BaseConnection.php(693): CodeIgniter\Database\MySQLi\Connection->execute('SELECT *
FROM `materias`
WHERE `cuatrimestre` = 1
AND `LIKE` = \'m\'')
 2 SYSTEMPATH\Database\BaseConnection.php(607): CodeIgniter\Database\BaseConnection->simpleQuery('SELECT *
FROM `materias`
WHERE `cuatrimestre` = 1
AND `LIKE` = \'m\'')
 3 SYSTEMPATH\Database\BaseBuilder.php(1616): CodeIgniter\Database\BaseConnection->query('SELECT *
FROM `materias`
WHERE `cuatrimestre` = :cuatrimestre:
AND `LIKE` = :LIKE:', [...], false)
 4 APPPATH\Controllers\Validacion.php(145): CodeIgniter\Database\BaseBuilder->get()
 5 SYSTEMPATH\CodeIgniter.php(941): App\Controllers\Validacion->mostrar_materias()
 6 SYSTEMPATH\CodeIgniter.php(502): CodeIgniter\CodeIgniter->runController(Object(App\Controllers\Validacion))
 7 SYSTEMPATH\CodeIgniter.php(361): CodeIgniter\CodeIgniter->handleRequest(null, Object(Config\Cache), false)
 8 FCPATH\index.php(79): CodeIgniter\CodeIgniter->run()
CRITICAL - 2024-03-17 23:25:20 --> [Caused by] mysqli_sql_exception: Unknown column 'LIKE' in 'where clause'
in SYSTEMPATH\Database\MySQLi\Connection.php on line 306.
 1 SYSTEMPATH\Database\MySQLi\Connection.php(306): mysqli->query('SELECT *
FROM `materias`
WHERE `cuatrimestre` = 1
AND `LIKE` = \'m\'', 0)
 2 SYSTEMPATH\Database\BaseConnection.php(693): CodeIgniter\Database\MySQLi\Connection->execute('SELECT *
FROM `materias`
WHERE `cuatrimestre` = 1
AND `LIKE` = \'m\'')
 3 SYSTEMPATH\Database\BaseConnection.php(607): CodeIgniter\Database\BaseConnection->simpleQuery('SELECT *
FROM `materias`
WHERE `cuatrimestre` = 1
AND `LIKE` = \'m\'')
 4 SYSTEMPATH\Database\BaseBuilder.php(1616): CodeIgniter\Database\BaseConnection->query('SELECT *
FROM `materias`
WHERE `cuatrimestre` = :cuatrimestre:
AND `LIKE` = :LIKE:', [...], false)
 5 APPPATH\Controllers\Validacion.php(145): CodeIgniter\Database\BaseBuilder->get()
 6 SYSTEMPATH\CodeIgniter.php(941): App\Controllers\Validacion->mostrar_materias()
 7 SYSTEMPATH\CodeIgniter.php(502): CodeIgniter\CodeIgniter->runController(Object(App\Controllers\Validacion))
 8 SYSTEMPATH\CodeIgniter.php(361): CodeIgniter\CodeIgniter->handleRequest(null, Object(Config\Cache), false)
 9 FCPATH\index.php(79): CodeIgniter\CodeIgniter->run()
ERROR - 2024-03-17 23:26:13 --> mysqli_sql_exception: Unknown column 'LIKEid_matera' in 'where clause' in C:\xampp\htdocs\framework_ci4_ministerio\system\Database\MySQLi\Connection.php:306
Stack trace:
#0 C:\xampp\htdocs\framework_ci4_ministerio\system\Database\MySQLi\Connection.php(306): mysqli->query('SELECT *\nFROM `...', 0)
#1 C:\xampp\htdocs\framework_ci4_ministerio\system\Database\BaseConnection.php(693): CodeIgniter\Database\MySQLi\Connection->execute('SELECT *\nFROM `...')
#2 C:\xampp\htdocs\framework_ci4_ministerio\system\Database\BaseConnection.php(607): CodeIgniter\Database\BaseConnection->simpleQuery('SELECT *\nFROM `...')
#3 C:\xampp\htdocs\framework_ci4_ministerio\system\Database\BaseBuilder.php(1616): CodeIgniter\Database\BaseConnection->query('SELECT *\nFROM `...', Array, false)
#4 C:\xampp\htdocs\framework_ci4_ministerio\app\Controllers\Validacion.php(145): CodeIgniter\Database\BaseBuilder->get()
#5 C:\xampp\htdocs\framework_ci4_ministerio\system\CodeIgniter.php(941): App\Controllers\Validacion->mostrar_materias()
#6 C:\xampp\htdocs\framework_ci4_ministerio\system\CodeIgniter.php(502): CodeIgniter\CodeIgniter->runController(Object(App\Controllers\Validacion))
#7 C:\xampp\htdocs\framework_ci4_ministerio\system\CodeIgniter.php(361): CodeIgniter\CodeIgniter->handleRequest(NULL, Object(Config\Cache), false)
#8 C:\xampp\htdocs\framework_ci4_ministerio\public\index.php(79): CodeIgniter\CodeIgniter->run()
#9 {main}
CRITICAL - 2024-03-17 23:26:13 --> CodeIgniter\Database\Exceptions\DatabaseException: Unknown column 'LIKEid_matera' in 'where clause'
in SYSTEMPATH\Database\BaseConnection.php on line 647.
 1 SYSTEMPATH\Database\BaseBuilder.php(1616): CodeIgniter\Database\BaseConnection->query('SELECT *
FROM `materias`
WHERE `cuatrimestre` = :cuatrimestre:
AND `LIKEid_matera` = :LIKEid_matera:', [...], false)
 2 APPPATH\Controllers\Validacion.php(145): CodeIgniter\Database\BaseBuilder->get()
 3 SYSTEMPATH\CodeIgniter.php(941): App\Controllers\Validacion->mostrar_materias()
 4 SYSTEMPATH\CodeIgniter.php(502): CodeIgniter\CodeIgniter->runController(Object(App\Controllers\Validacion))
 5 SYSTEMPATH\CodeIgniter.php(361): CodeIgniter\CodeIgniter->handleRequest(null, Object(Config\Cache), false)
 6 FCPATH\index.php(79): CodeIgniter\CodeIgniter->run()
CRITICAL - 2024-03-17 23:26:13 --> [Caused by] CodeIgniter\Database\Exceptions\DatabaseException: Unknown column 'LIKEid_matera' in 'where clause'
in SYSTEMPATH\Database\MySQLi\Connection.php on line 311.
 1 SYSTEMPATH\Database\BaseConnection.php(693): CodeIgniter\Database\MySQLi\Connection->execute('SELECT *
FROM `materias`
WHERE `cuatrimestre` = 1
AND `LIKEid_matera` = 3')
 2 SYSTEMPATH\Database\BaseConnection.php(607): CodeIgniter\Database\BaseConnection->simpleQuery('SELECT *
FROM `materias`
WHERE `cuatrimestre` = 1
AND `LIKEid_matera` = 3')
 3 SYSTEMPATH\Database\BaseBuilder.php(1616): CodeIgniter\Database\BaseConnection->query('SELECT *
FROM `materias`
WHERE `cuatrimestre` = :cuatrimestre:
AND `LIKEid_matera` = :LIKEid_matera:', [...], false)
 4 APPPATH\Controllers\Validacion.php(145): CodeIgniter\Database\BaseBuilder->get()
 5 SYSTEMPATH\CodeIgniter.php(941): App\Controllers\Validacion->mostrar_materias()
 6 SYSTEMPATH\CodeIgniter.php(502): CodeIgniter\CodeIgniter->runController(Object(App\Controllers\Validacion))
 7 SYSTEMPATH\CodeIgniter.php(361): CodeIgniter\CodeIgniter->handleRequest(null, Object(Config\Cache), false)
 8 FCPATH\index.php(79): CodeIgniter\CodeIgniter->run()
CRITICAL - 2024-03-17 23:26:13 --> [Caused by] mysqli_sql_exception: Unknown column 'LIKEid_matera' in 'where clause'
in SYSTEMPATH\Database\MySQLi\Connection.php on line 306.
 1 SYSTEMPATH\Database\MySQLi\Connection.php(306): mysqli->query('SELECT *
FROM `materias`
WHERE `cuatrimestre` = 1
AND `LIKEid_matera` = 3', 0)
 2 SYSTEMPATH\Database\BaseConnection.php(693): CodeIgniter\Database\MySQLi\Connection->execute('SELECT *
FROM `materias`
WHERE `cuatrimestre` = 1
AND `LIKEid_matera` = 3')
 3 SYSTEMPATH\Database\BaseConnection.php(607): CodeIgniter\Database\BaseConnection->simpleQuery('SELECT *
FROM `materias`
WHERE `cuatrimestre` = 1
AND `LIKEid_matera` = 3')
 4 SYSTEMPATH\Database\BaseBuilder.php(1616): CodeIgniter\Database\BaseConnection->query('SELECT *
FROM `materias`
WHERE `cuatrimestre` = :cuatrimestre:
AND `LIKEid_matera` = :LIKEid_matera:', [...], false)
 5 APPPATH\Controllers\Validacion.php(145): CodeIgniter\Database\BaseBuilder->get()
 6 SYSTEMPATH\CodeIgniter.php(941): App\Controllers\Validacion->mostrar_materias()
 7 SYSTEMPATH\CodeIgniter.php(502): CodeIgniter\CodeIgniter->runController(Object(App\Controllers\Validacion))
 8 SYSTEMPATH\CodeIgniter.php(361): CodeIgniter\CodeIgniter->handleRequest(null, Object(Config\Cache), false)
 9 FCPATH\index.php(79): CodeIgniter\CodeIgniter->run()
ERROR - 2024-03-17 23:26:24 --> mysqli_sql_exception: Unknown column 'id_matera' in 'where clause' in C:\xampp\htdocs\framework_ci4_ministerio\system\Database\MySQLi\Connection.php:306
Stack trace:
#0 C:\xampp\htdocs\framework_ci4_ministerio\system\Database\MySQLi\Connection.php(306): mysqli->query('SELECT *\nFROM `...', 0)
#1 C:\xampp\htdocs\framework_ci4_ministerio\system\Database\BaseConnection.php(693): CodeIgniter\Database\MySQLi\Connection->execute('SELECT *\nFROM `...')
#2 C:\xampp\htdocs\framework_ci4_ministerio\system\Database\BaseConnection.php(607): CodeIgniter\Database\BaseConnection->simpleQuery('SELECT *\nFROM `...')
#3 C:\xampp\htdocs\framework_ci4_ministerio\system\Database\BaseBuilder.php(1616): CodeIgniter\Database\BaseConnection->query('SELECT *\nFROM `...', Array, false)
#4 C:\xampp\htdocs\framework_ci4_ministerio\app\Controllers\Validacion.php(145): CodeIgniter\Database\BaseBuilder->get()
#5 C:\xampp\htdocs\framework_ci4_ministerio\system\CodeIgniter.php(941): App\Controllers\Validacion->mostrar_materias()
#6 C:\xampp\htdocs\framework_ci4_ministerio\system\CodeIgniter.php(502): CodeIgniter\CodeIgniter->runController(Object(App\Controllers\Validacion))
#7 C:\xampp\htdocs\framework_ci4_ministerio\system\CodeIgniter.php(361): CodeIgniter\CodeIgniter->handleRequest(NULL, Object(Config\Cache), false)
#8 C:\xampp\htdocs\framework_ci4_ministerio\public\index.php(79): CodeIgniter\CodeIgniter->run()
#9 {main}
CRITICAL - 2024-03-17 23:26:24 --> CodeIgniter\Database\Exceptions\DatabaseException: Unknown column 'id_matera' in 'where clause'
in SYSTEMPATH\Database\BaseConnection.php on line 647.
 1 SYSTEMPATH\Database\BaseBuilder.php(1616): CodeIgniter\Database\BaseConnection->query('SELECT *
FROM `materias`
WHERE `cuatrimestre` = :cuatrimestre:
AND `id_matera` = :id_matera:', [...], false)
 2 APPPATH\Controllers\Validacion.php(145): CodeIgniter\Database\BaseBuilder->get()
 3 SYSTEMPATH\CodeIgniter.php(941): App\Controllers\Validacion->mostrar_materias()
 4 SYSTEMPATH\CodeIgniter.php(502): CodeIgniter\CodeIgniter->runController(Object(App\Controllers\Validacion))
 5 SYSTEMPATH\CodeIgniter.php(361): CodeIgniter\CodeIgniter->handleRequest(null, Object(Config\Cache), false)
 6 FCPATH\index.php(79): CodeIgniter\CodeIgniter->run()
CRITICAL - 2024-03-17 23:26:24 --> [Caused by] CodeIgniter\Database\Exceptions\DatabaseException: Unknown column 'id_matera' in 'where clause'
in SYSTEMPATH\Database\MySQLi\Connection.php on line 311.
 1 SYSTEMPATH\Database\BaseConnection.php(693): CodeIgniter\Database\MySQLi\Connection->execute('SELECT *
FROM `materias`
WHERE `cuatrimestre` = 1
AND `id_matera` = 3')
 2 SYSTEMPATH\Database\BaseConnection.php(607): CodeIgniter\Database\BaseConnection->simpleQuery('SELECT *
FROM `materias`
WHERE `cuatrimestre` = 1
AND `id_matera` = 3')
 3 SYSTEMPATH\Database\BaseBuilder.php(1616): CodeIgniter\Database\BaseConnection->query('SELECT *
FROM `materias`
WHERE `cuatrimestre` = :cuatrimestre:
AND `id_matera` = :id_matera:', [...], false)
 4 APPPATH\Controllers\Validacion.php(145): CodeIgniter\Database\BaseBuilder->get()
 5 SYSTEMPATH\CodeIgniter.php(941): App\Controllers\Validacion->mostrar_materias()
 6 SYSTEMPATH\CodeIgniter.php(502): CodeIgniter\CodeIgniter->runController(Object(App\Controllers\Validacion))
 7 SYSTEMPATH\CodeIgniter.php(361): CodeIgniter\CodeIgniter->handleRequest(null, Object(Config\Cache), false)
 8 FCPATH\index.php(79): CodeIgniter\CodeIgniter->run()
CRITICAL - 2024-03-17 23:26:24 --> [Caused by] mysqli_sql_exception: Unknown column 'id_matera' in 'where clause'
in SYSTEMPATH\Database\MySQLi\Connection.php on line 306.
 1 SYSTEMPATH\Database\MySQLi\Connection.php(306): mysqli->query('SELECT *
FROM `materias`
WHERE `cuatrimestre` = 1
AND `id_matera` = 3', 0)
 2 SYSTEMPATH\Database\BaseConnection.php(693): CodeIgniter\Database\MySQLi\Connection->execute('SELECT *
FROM `materias`
WHERE `cuatrimestre` = 1
AND `id_matera` = 3')
 3 SYSTEMPATH\Database\BaseConnection.php(607): CodeIgniter\Database\BaseConnection->simpleQuery('SELECT *
FROM `materias`
WHERE `cuatrimestre` = 1
AND `id_matera` = 3')
 4 SYSTEMPATH\Database\BaseBuilder.php(1616): CodeIgniter\Database\BaseConnection->query('SELECT *
FROM `materias`
WHERE `cuatrimestre` = :cuatrimestre:
AND `id_matera` = :id_matera:', [...], false)
 5 APPPATH\Controllers\Validacion.php(145): CodeIgniter\Database\BaseBuilder->get()
 6 SYSTEMPATH\CodeIgniter.php(941): App\Controllers\Validacion->mostrar_materias()
 7 SYSTEMPATH\CodeIgniter.php(502): CodeIgniter\CodeIgniter->runController(Object(App\Controllers\Validacion))
 8 SYSTEMPATH\CodeIgniter.php(361): CodeIgniter\CodeIgniter->handleRequest(null, Object(Config\Cache), false)
 9 FCPATH\index.php(79): CodeIgniter\CodeIgniter->run()
CRITICAL - 2024-03-17 23:41:55 --> ErrorException: Attempt to read property "dni" on array
in APPPATH\Views\validacion.php on line 14.
 1 APPPATH\Views\validacion.php(14): CodeIgniter\Debug\Exceptions->errorHandler(2, 'Attempt to read property "dni" on array', 'C:\\xampp\\htdocs\\framework_ci4_ministerio\\app\\Views\\validacion.php', 14)
 2 SYSTEMPATH\View\View.php(228): include('C:\\xampp\\htdocs\\framework_ci4_ministerio\\app\\Views\\validacion.php')
 3 SYSTEMPATH\View\View.php(231): CodeIgniter\View\View->CodeIgniter\View\{closure}()
 4 SYSTEMPATH\Common.php(1178): CodeIgniter\View\View->render('validacion.php', [], true)
 5 APPPATH\Controllers\Validacion.php(30): view('validacion.php', [...])
 6 SYSTEMPATH\CodeIgniter.php(941): App\Controllers\Validacion->index()
 7 SYSTEMPATH\CodeIgniter.php(502): CodeIgniter\CodeIgniter->runController(Object(App\Controllers\Validacion))
 8 SYSTEMPATH\CodeIgniter.php(361): CodeIgniter\CodeIgniter->handleRequest(null, Object(Config\Cache), false)
 9 FCPATH\index.php(79): CodeIgniter\CodeIgniter->run()
CRITICAL - 2024-03-17 23:45:22 --> ErrorException: Undefined array key "titulo"
in APPPATH\Views\mostrarValidaciones.php on line 17.
 1 APPPATH\Views\mostrarValidaciones.php(17): CodeIgniter\Debug\Exceptions->errorHandler(2, 'Undefined array key "titulo"', 'C:\\xampp\\htdocs\\framework_ci4_ministerio\\app\\Views\\mostrarValidaciones.php', 17)
 2 SYSTEMPATH\View\View.php(228): include('C:\\xampp\\htdocs\\framework_ci4_ministerio\\app\\Views\\mostrarValidaciones.php')
 3 SYSTEMPATH\View\View.php(231): CodeIgniter\View\View->CodeIgniter\View\{closure}()
 4 SYSTEMPATH\Common.php(1178): CodeIgniter\View\View->render('mostrarValidaciones', [], true)
 5 APPPATH\Controllers\Validacion.php(35): view('mostrarValidaciones', [...])
 6 SYSTEMPATH\CodeIgniter.php(941): App\Controllers\Validacion->index()
 7 SYSTEMPATH\CodeIgniter.php(502): CodeIgniter\CodeIgniter->runController(Object(App\Controllers\Validacion))
 8 SYSTEMPATH\CodeIgniter.php(361): CodeIgniter\CodeIgniter->handleRequest(null, Object(Config\Cache), false)
 9 FCPATH\index.php(79): CodeIgniter\CodeIgniter->run()
