INFO - 2024-08-12 00:00:23 --> Session: Class initialized using 'CodeIgniter\Session\Handlers\FileHandler' driver.
INFO - 2024-08-12 00:00:30 --> Session: Class initialized using 'CodeIgniter\Session\Handlers\FileHandler' driver.
INFO - 2024-08-12 00:00:31 --> Session: Class initialized using 'CodeIgniter\Session\Handlers\FileHandler' driver.
CRITICAL - 2024-08-12 00:00:31 --> ErrorException: Cannot use App\Models\OtrosAntecedentesDocModel as OtrosAntecedentesDocModel because the name is already in use
in APPPATH\Controllers\PersonController.php on line 24.
 1 [internal function]: CodeIgniter\Debug\Exceptions->shutdownHandler()
INFO - 2024-08-12 00:01:09 --> Session: Class initialized using 'CodeIgniter\Session\Handlers\FileHandler' driver.
INFO - 2024-08-12 00:01:15 --> Session: Class initialized using 'CodeIgniter\Session\Handlers\FileHandler' driver.
INFO - 2024-08-12 00:01:15 --> Session: Class initialized using 'CodeIgniter\Session\Handlers\FileHandler' driver.
INFO - 2024-08-12 00:01:17 --> Session: Class initialized using 'CodeIgniter\Session\Handlers\FileHandler' driver.
INFO - 2024-08-12 00:01:17 --> Session: Class initialized using 'CodeIgniter\Session\Handlers\FileHandler' driver.
INFO - 2024-08-12 00:01:18 --> Session: Class initialized using 'CodeIgniter\Session\Handlers\FileHandler' driver.
INFO - 2024-08-12 00:01:19 --> Session: Class initialized using 'CodeIgniter\Session\Handlers\FileHandler' driver.
INFO - 2024-08-12 00:01:20 --> Session: Class initialized using 'CodeIgniter\Session\Handlers\FileHandler' driver.
INFO - 2024-08-12 00:01:20 --> Session: Class initialized using 'CodeIgniter\Session\Handlers\FileHandler' driver.
INFO - 2024-08-12 00:01:21 --> Session: Class initialized using 'CodeIgniter\Session\Handlers\FileHandler' driver.
INFO - 2024-08-12 00:01:21 --> Session: Class initialized using 'CodeIgniter\Session\Handlers\FileHandler' driver.
INFO - 2024-08-12 00:01:37 --> Session: Class initialized using 'CodeIgniter\Session\Handlers\FileHandler' driver.
INFO - 2024-08-12 00:01:37 --> Session: Class initialized using 'CodeIgniter\Session\Handlers\FileHandler' driver.
INFO - 2024-08-12 00:01:39 --> Session: Class initialized using 'CodeIgniter\Session\Handlers\FileHandler' driver.
INFO - 2024-08-12 00:01:39 --> Session: Class initialized using 'CodeIgniter\Session\Handlers\FileHandler' driver.
INFO - 2024-08-12 00:01:39 --> Session: Class initialized using 'CodeIgniter\Session\Handlers\FileHandler' driver.
INFO - 2024-08-12 00:01:57 --> Session: Class initialized using 'CodeIgniter\Session\Handlers\FileHandler' driver.
INFO - 2024-08-12 00:01:57 --> Session: Class initialized using 'CodeIgniter\Session\Handlers\FileHandler' driver.
INFO - 2024-08-12 00:02:01 --> Session: Class initialized using 'CodeIgniter\Session\Handlers\FileHandler' driver.
CRITICAL - 2024-08-12 00:02:03 --> ErrorException: Undefined array key 0
in APPPATH\Controllers\PersonController.php on line 542.
 1 APPPATH\Controllers\PersonController.php(542): CodeIgniter\Debug\Exceptions->errorHandler(2, 'Undefined array key 0', 'C:\\xampp\\htdocs\\valoradorG2\\valorador\\app\\Controllers\\PersonController.php', 542)
 2 SYSTEMPATH\CodeIgniter.php(941): App\Controllers\PersonController->buscar_valoracion_por_docente2()
 3 SYSTEMPATH\CodeIgniter.php(502): CodeIgniter\CodeIgniter->runController(Object(App\Controllers\PersonController))
 4 SYSTEMPATH\CodeIgniter.php(361): CodeIgniter\CodeIgniter->handleRequest(null, Object(Config\Cache), false)
 5 FCPATH\index.php(79): CodeIgniter\CodeIgniter->run()
INFO - 2024-08-12 00:02:33 --> Session: Class initialized using 'CodeIgniter\Session\Handlers\FileHandler' driver.
INFO - 2024-08-12 00:02:35 --> Session: Class initialized using 'CodeIgniter\Session\Handlers\FileHandler' driver.
INFO - 2024-08-12 00:02:43 --> Session: Class initialized using 'CodeIgniter\Session\Handlers\FileHandler' driver.
INFO - 2024-08-12 00:02:44 --> Session: Class initialized using 'CodeIgniter\Session\Handlers\FileHandler' driver.
INFO - 2024-08-12 00:02:50 --> Session: Class initialized using 'CodeIgniter\Session\Handlers\FileHandler' driver.
INFO - 2024-08-12 00:02:50 --> Session: Class initialized using 'CodeIgniter\Session\Handlers\FileHandler' driver.
INFO - 2024-08-12 00:02:56 --> Session: Class initialized using 'CodeIgniter\Session\Handlers\FileHandler' driver.
INFO - 2024-08-12 00:02:56 --> Session: Class initialized using 'CodeIgniter\Session\Handlers\FileHandler' driver.
INFO - 2024-08-12 00:03:01 --> Session: Class initialized using 'CodeIgniter\Session\Handlers\FileHandler' driver.
INFO - 2024-08-12 00:03:01 --> Session: Class initialized using 'CodeIgniter\Session\Handlers\FileHandler' driver.
INFO - 2024-08-12 00:03:06 --> Session: Class initialized using 'CodeIgniter\Session\Handlers\FileHandler' driver.
INFO - 2024-08-12 00:03:06 --> Session: Class initialized using 'CodeIgniter\Session\Handlers\FileHandler' driver.
INFO - 2024-08-12 00:03:32 --> Session: Class initialized using 'CodeIgniter\Session\Handlers\FileHandler' driver.
INFO - 2024-08-12 00:03:32 --> Session: Class initialized using 'CodeIgniter\Session\Handlers\FileHandler' driver.
INFO - 2024-08-12 00:03:34 --> Session: Class initialized using 'CodeIgniter\Session\Handlers\FileHandler' driver.
INFO - 2024-08-12 00:03:34 --> Session: Class initialized using 'CodeIgniter\Session\Handlers\FileHandler' driver.
INFO - 2024-08-12 00:03:35 --> Session: Class initialized using 'CodeIgniter\Session\Handlers\FileHandler' driver.
INFO - 2024-08-12 00:03:36 --> Session: Class initialized using 'CodeIgniter\Session\Handlers\FileHandler' driver.
INFO - 2024-08-12 00:03:36 --> Session: Class initialized using 'CodeIgniter\Session\Handlers\FileHandler' driver.
INFO - 2024-08-12 00:03:39 --> Session: Class initialized using 'CodeIgniter\Session\Handlers\FileHandler' driver.
CRITICAL - 2024-08-12 00:03:41 --> ErrorException: Undefined array key "detalle_otros_ant"
in APPPATH\Controllers\PersonController.php on line 622.
 1 APPPATH\Controllers\PersonController.php(622): CodeIgniter\Debug\Exceptions->errorHandler(2, 'Undefined array key "detalle_otros_ant"', 'C:\\xampp\\htdocs\\valoradorG2\\valorador\\app\\Controllers\\PersonController.php', 622)
 2 SYSTEMPATH\CodeIgniter.php(941): App\Controllers\PersonController->buscar_valoracion_por_docente2()
 3 SYSTEMPATH\CodeIgniter.php(502): CodeIgniter\CodeIgniter->runController(Object(App\Controllers\PersonController))
 4 SYSTEMPATH\CodeIgniter.php(361): CodeIgniter\CodeIgniter->handleRequest(null, Object(Config\Cache), false)
 5 FCPATH\index.php(79): CodeIgniter\CodeIgniter->run()
CRITICAL - 2024-08-12 00:05:38 --> ErrorException: Undefined array key "id_detalle_otro_ant"
in APPPATH\Controllers\PersonController.php on line 622.
 1 APPPATH\Controllers\PersonController.php(622): CodeIgniter\Debug\Exceptions->errorHandler(2, 'Undefined array key "id_detalle_otro_ant"', 'C:\\xampp\\htdocs\\valoradorG2\\valorador\\app\\Controllers\\PersonController.php', 622)
 2 SYSTEMPATH\CodeIgniter.php(941): App\Controllers\PersonController->buscar_valoracion_por_docente2()
 3 SYSTEMPATH\CodeIgniter.php(502): CodeIgniter\CodeIgniter->runController(Object(App\Controllers\PersonController))
 4 SYSTEMPATH\CodeIgniter.php(361): CodeIgniter\CodeIgniter->handleRequest(null, Object(Config\Cache), false)
 5 FCPATH\index.php(79): CodeIgniter\CodeIgniter->run()
CRITICAL - 2024-08-12 00:07:15 --> ErrorException: A non-numeric value encountered
in APPPATH\Controllers\PersonController.php on line 623.
 1 APPPATH\Controllers\PersonController.php(623): CodeIgniter\Debug\Exceptions->errorHandler(2, 'A non-numeric value encountered', 'C:\\xampp\\htdocs\\valoradorG2\\valorador\\app\\Controllers\\PersonController.php', 623)
 2 SYSTEMPATH\CodeIgniter.php(941): App\Controllers\PersonController->buscar_valoracion_por_docente2()
 3 SYSTEMPATH\CodeIgniter.php(502): CodeIgniter\CodeIgniter->runController(Object(App\Controllers\PersonController))
 4 SYSTEMPATH\CodeIgniter.php(361): CodeIgniter\CodeIgniter->handleRequest(null, Object(Config\Cache), false)
 5 FCPATH\index.php(79): CodeIgniter\CodeIgniter->run()
CRITICAL - 2024-08-12 00:07:46 --> ErrorException: Undefined variable $puntajes9
in APPPATH\Controllers\PersonController.php on line 643.
 1 APPPATH\Controllers\PersonController.php(643): CodeIgniter\Debug\Exceptions->errorHandler(2, 'Undefined variable $puntajes9', 'C:\\xampp\\htdocs\\valoradorG2\\valorador\\app\\Controllers\\PersonController.php', 643)
 2 SYSTEMPATH\CodeIgniter.php(941): App\Controllers\PersonController->buscar_valoracion_por_docente2()
 3 SYSTEMPATH\CodeIgniter.php(502): CodeIgniter\CodeIgniter->runController(Object(App\Controllers\PersonController))
 4 SYSTEMPATH\CodeIgniter.php(361): CodeIgniter\CodeIgniter->handleRequest(null, Object(Config\Cache), false)
 5 FCPATH\index.php(79): CodeIgniter\CodeIgniter->run()
CRITICAL - 2024-08-12 00:09:03 --> ErrorException: Undefined array key "detalle_ant_doc"
in APPPATH\Controllers\PersonController.php on line 628.
 1 APPPATH\Controllers\PersonController.php(628): CodeIgniter\Debug\Exceptions->errorHandler(2, 'Undefined array key "detalle_ant_doc"', 'C:\\xampp\\htdocs\\valoradorG2\\valorador\\app\\Controllers\\PersonController.php', 628)
 2 SYSTEMPATH\CodeIgniter.php(941): App\Controllers\PersonController->buscar_valoracion_por_docente2()
 3 SYSTEMPATH\CodeIgniter.php(502): CodeIgniter\CodeIgniter->runController(Object(App\Controllers\PersonController))
 4 SYSTEMPATH\CodeIgniter.php(361): CodeIgniter\CodeIgniter->handleRequest(null, Object(Config\Cache), false)
 5 FCPATH\index.php(79): CodeIgniter\CodeIgniter->run()
INFO - 2024-08-12 00:09:40 --> Session: Class initialized using 'CodeIgniter\Session\Handlers\FileHandler' driver.
CRITICAL - 2024-08-12 00:11:20 --> ErrorException: Trying to access array offset on value of type null
in APPPATH\Controllers\PersonController.php on line 623.
 1 APPPATH\Controllers\PersonController.php(623): CodeIgniter\Debug\Exceptions->errorHandler(2, 'Trying to access array offset on value of type null', 'C:\\xampp\\htdocs\\valoradorG2\\valorador\\app\\Controllers\\PersonController.php', 623)
 2 SYSTEMPATH\CodeIgniter.php(941): App\Controllers\PersonController->buscar_valoracion_por_docente2()
 3 SYSTEMPATH\CodeIgniter.php(502): CodeIgniter\CodeIgniter->runController(Object(App\Controllers\PersonController))
 4 SYSTEMPATH\CodeIgniter.php(361): CodeIgniter\CodeIgniter->handleRequest(null, Object(Config\Cache), false)
 5 FCPATH\index.php(79): CodeIgniter\CodeIgniter->run()
INFO - 2024-08-12 00:13:18 --> Session: Class initialized using 'CodeIgniter\Session\Handlers\FileHandler' driver.
CRITICAL - 2024-08-12 00:13:27 --> ErrorException: Trying to access array offset on value of type null
in APPPATH\Controllers\PersonController.php on line 623.
 1 APPPATH\Controllers\PersonController.php(623): CodeIgniter\Debug\Exceptions->errorHandler(2, 'Trying to access array offset on value of type null', 'C:\\xampp\\htdocs\\valoradorG2\\valorador\\app\\Controllers\\PersonController.php', 623)
 2 SYSTEMPATH\CodeIgniter.php(941): App\Controllers\PersonController->buscar_valoracion_por_docente2()
 3 SYSTEMPATH\CodeIgniter.php(502): CodeIgniter\CodeIgniter->runController(Object(App\Controllers\PersonController))
 4 SYSTEMPATH\CodeIgniter.php(361): CodeIgniter\CodeIgniter->handleRequest(null, Object(Config\Cache), false)
 5 FCPATH\index.php(79): CodeIgniter\CodeIgniter->run()
CRITICAL - 2024-08-12 00:24:22 --> ErrorException: Trying to access array offset on value of type null
in APPPATH\Controllers\PersonController.php on line 623.
 1 APPPATH\Controllers\PersonController.php(623): CodeIgniter\Debug\Exceptions->errorHandler(2, 'Trying to access array offset on value of type null', 'C:\\xampp\\htdocs\\valoradorG2\\valorador\\app\\Controllers\\PersonController.php', 623)
 2 SYSTEMPATH\CodeIgniter.php(941): App\Controllers\PersonController->buscar_valoracion_por_docente2()
 3 SYSTEMPATH\CodeIgniter.php(502): CodeIgniter\CodeIgniter->runController(Object(App\Controllers\PersonController))
 4 SYSTEMPATH\CodeIgniter.php(361): CodeIgniter\CodeIgniter->handleRequest(null, Object(Config\Cache), false)
 5 FCPATH\index.php(79): CodeIgniter\CodeIgniter->run()
INFO - 2024-08-12 00:25:00 --> Session: Class initialized using 'CodeIgniter\Session\Handlers\FileHandler' driver.
CRITICAL - 2024-08-12 00:25:24 --> ErrorException: Trying to access array offset on value of type null
in APPPATH\Controllers\PersonController.php on line 623.
 1 APPPATH\Controllers\PersonController.php(623): CodeIgniter\Debug\Exceptions->errorHandler(2, 'Trying to access array offset on value of type null', 'C:\\xampp\\htdocs\\valoradorG2\\valorador\\app\\Controllers\\PersonController.php', 623)
 2 SYSTEMPATH\CodeIgniter.php(941): App\Controllers\PersonController->buscar_valoracion_por_docente2()
 3 SYSTEMPATH\CodeIgniter.php(502): CodeIgniter\CodeIgniter->runController(Object(App\Controllers\PersonController))
 4 SYSTEMPATH\CodeIgniter.php(361): CodeIgniter\CodeIgniter->handleRequest(null, Object(Config\Cache), false)
 5 FCPATH\index.php(79): CodeIgniter\CodeIgniter->run()
CRITICAL - 2024-08-12 00:26:22 --> ErrorException: Undefined array key "id_detalle_otro_ant"
in APPPATH\Controllers\PersonController.php on line 622.
 1 APPPATH\Controllers\PersonController.php(622): CodeIgniter\Debug\Exceptions->errorHandler(2, 'Undefined array key "id_detalle_otro_ant"', 'C:\\xampp\\htdocs\\valoradorG2\\valorador\\app\\Controllers\\PersonController.php', 622)
 2 SYSTEMPATH\CodeIgniter.php(941): App\Controllers\PersonController->buscar_valoracion_por_docente2()
 3 SYSTEMPATH\CodeIgniter.php(502): CodeIgniter\CodeIgniter->runController(Object(App\Controllers\PersonController))
 4 SYSTEMPATH\CodeIgniter.php(361): CodeIgniter\CodeIgniter->handleRequest(null, Object(Config\Cache), false)
 5 FCPATH\index.php(79): CodeIgniter\CodeIgniter->run()
CRITICAL - 2024-08-12 00:26:29 --> ErrorException: Trying to access array offset on value of type null
in APPPATH\Controllers\PersonController.php on line 623.
 1 APPPATH\Controllers\PersonController.php(623): CodeIgniter\Debug\Exceptions->errorHandler(2, 'Trying to access array offset on value of type null', 'C:\\xampp\\htdocs\\valoradorG2\\valorador\\app\\Controllers\\PersonController.php', 623)
 2 SYSTEMPATH\CodeIgniter.php(941): App\Controllers\PersonController->buscar_valoracion_por_docente2()
 3 SYSTEMPATH\CodeIgniter.php(502): CodeIgniter\CodeIgniter->runController(Object(App\Controllers\PersonController))
 4 SYSTEMPATH\CodeIgniter.php(361): CodeIgniter\CodeIgniter->handleRequest(null, Object(Config\Cache), false)
 5 FCPATH\index.php(79): CodeIgniter\CodeIgniter->run()
CRITICAL - 2024-08-12 00:29:14 --> ErrorException: Undefined variable $puntajes9
in APPPATH\Controllers\PersonController.php on line 646.
 1 APPPATH\Controllers\PersonController.php(646): CodeIgniter\Debug\Exceptions->errorHandler(2, 'Undefined variable $puntajes9', 'C:\\xampp\\htdocs\\valoradorG2\\valorador\\app\\Controllers\\PersonController.php', 646)
 2 SYSTEMPATH\CodeIgniter.php(941): App\Controllers\PersonController->buscar_valoracion_por_docente2()
 3 SYSTEMPATH\CodeIgniter.php(502): CodeIgniter\CodeIgniter->runController(Object(App\Controllers\PersonController))
 4 SYSTEMPATH\CodeIgniter.php(361): CodeIgniter\CodeIgniter->handleRequest(null, Object(Config\Cache), false)
 5 FCPATH\index.php(79): CodeIgniter\CodeIgniter->run()
CRITICAL - 2024-08-12 00:30:00 --> ErrorException: Trying to access array offset on value of type null
in APPPATH\Controllers\PersonController.php on line 625.
 1 APPPATH\Controllers\PersonController.php(625): CodeIgniter\Debug\Exceptions->errorHandler(2, 'Trying to access array offset on value of type null', 'C:\\xampp\\htdocs\\valoradorG2\\valorador\\app\\Controllers\\PersonController.php', 625)
 2 SYSTEMPATH\CodeIgniter.php(941): App\Controllers\PersonController->buscar_valoracion_por_docente2()
 3 SYSTEMPATH\CodeIgniter.php(502): CodeIgniter\CodeIgniter->runController(Object(App\Controllers\PersonController))
 4 SYSTEMPATH\CodeIgniter.php(361): CodeIgniter\CodeIgniter->handleRequest(null, Object(Config\Cache), false)
 5 FCPATH\index.php(79): CodeIgniter\CodeIgniter->run()
CRITICAL - 2024-08-12 00:34:59 --> ErrorException: Undefined array key "id_detalle_otro_ant"
in APPPATH\Controllers\PersonController.php on line 622.
 1 APPPATH\Controllers\PersonController.php(622): CodeIgniter\Debug\Exceptions->errorHandler(2, 'Undefined array key "id_detalle_otro_ant"', 'C:\\xampp\\htdocs\\valoradorG2\\valorador\\app\\Controllers\\PersonController.php', 622)
 2 SYSTEMPATH\CodeIgniter.php(941): App\Controllers\PersonController->buscar_valoracion_por_docente2()
 3 SYSTEMPATH\CodeIgniter.php(502): CodeIgniter\CodeIgniter->runController(Object(App\Controllers\PersonController))
 4 SYSTEMPATH\CodeIgniter.php(361): CodeIgniter\CodeIgniter->handleRequest(null, Object(Config\Cache), false)
 5 FCPATH\index.php(79): CodeIgniter\CodeIgniter->run()
CRITICAL - 2024-08-12 00:36:37 --> ErrorException: Undefined array key "id_detalle_otro_ant"
in APPPATH\Controllers\PersonController.php on line 622.
 1 APPPATH\Controllers\PersonController.php(622): CodeIgniter\Debug\Exceptions->errorHandler(2, 'Undefined array key "id_detalle_otro_ant"', 'C:\\xampp\\htdocs\\valoradorG2\\valorador\\app\\Controllers\\PersonController.php', 622)
 2 SYSTEMPATH\CodeIgniter.php(941): App\Controllers\PersonController->buscar_valoracion_por_docente2()
 3 SYSTEMPATH\CodeIgniter.php(502): CodeIgniter\CodeIgniter->runController(Object(App\Controllers\PersonController))
 4 SYSTEMPATH\CodeIgniter.php(361): CodeIgniter\CodeIgniter->handleRequest(null, Object(Config\Cache), false)
 5 FCPATH\index.php(79): CodeIgniter\CodeIgniter->run()
CRITICAL - 2024-08-12 00:38:20 --> ErrorException: Trying to access array offset on value of type null
in APPPATH\Controllers\PersonController.php on line 625.
 1 APPPATH\Controllers\PersonController.php(625): CodeIgniter\Debug\Exceptions->errorHandler(2, 'Trying to access array offset on value of type null', 'C:\\xampp\\htdocs\\valoradorG2\\valorador\\app\\Controllers\\PersonController.php', 625)
 2 SYSTEMPATH\CodeIgniter.php(941): App\Controllers\PersonController->buscar_valoracion_por_docente2()
 3 SYSTEMPATH\CodeIgniter.php(502): CodeIgniter\CodeIgniter->runController(Object(App\Controllers\PersonController))
 4 SYSTEMPATH\CodeIgniter.php(361): CodeIgniter\CodeIgniter->handleRequest(null, Object(Config\Cache), false)
 5 FCPATH\index.php(79): CodeIgniter\CodeIgniter->run()
INFO - 2024-08-12 19:33:31 --> Session: Class initialized using 'CodeIgniter\Session\Handlers\FileHandler' driver.
INFO - 2024-08-12 19:33:34 --> Session: Class initialized using 'CodeIgniter\Session\Handlers\FileHandler' driver.
INFO - 2024-08-12 19:33:34 --> Session: Class initialized using 'CodeIgniter\Session\Handlers\FileHandler' driver.
INFO - 2024-08-12 19:33:38 --> Session: Class initialized using 'CodeIgniter\Session\Handlers\FileHandler' driver.
CRITICAL - 2024-08-12 19:33:41 --> ErrorException: Undefined array key "puntaje"
in APPPATH\Controllers\PersonController.php on line 625.
 1 APPPATH\Controllers\PersonController.php(625): CodeIgniter\Debug\Exceptions->errorHandler(2, 'Undefined array key "puntaje"', 'C:\\xampp\\htdocs\\valoradorG2\\valorador\\app\\Controllers\\PersonController.php', 625)
 2 SYSTEMPATH\CodeIgniter.php(941): App\Controllers\PersonController->buscar_valoracion_por_docente2()
 3 SYSTEMPATH\CodeIgniter.php(502): CodeIgniter\CodeIgniter->runController(Object(App\Controllers\PersonController))
 4 SYSTEMPATH\CodeIgniter.php(361): CodeIgniter\CodeIgniter->handleRequest(null, Object(Config\Cache), false)
 5 FCPATH\index.php(79): CodeIgniter\CodeIgniter->run()
CRITICAL - 2024-08-12 19:34:24 --> ErrorException: Trying to access array offset on value of type null
in APPPATH\Controllers\PersonController.php on line 625.
 1 APPPATH\Controllers\PersonController.php(625): CodeIgniter\Debug\Exceptions->errorHandler(2, 'Trying to access array offset on value of type null', 'C:\\xampp\\htdocs\\valoradorG2\\valorador\\app\\Controllers\\PersonController.php', 625)
 2 SYSTEMPATH\CodeIgniter.php(941): App\Controllers\PersonController->buscar_valoracion_por_docente2()
 3 SYSTEMPATH\CodeIgniter.php(502): CodeIgniter\CodeIgniter->runController(Object(App\Controllers\PersonController))
 4 SYSTEMPATH\CodeIgniter.php(361): CodeIgniter\CodeIgniter->handleRequest(null, Object(Config\Cache), false)
 5 FCPATH\index.php(79): CodeIgniter\CodeIgniter->run()
CRITICAL - 2024-08-12 19:35:55 --> ErrorException: Trying to access array offset on value of type null
in APPPATH\Controllers\PersonController.php on line 625.
 1 APPPATH\Controllers\PersonController.php(625): CodeIgniter\Debug\Exceptions->errorHandler(2, 'Trying to access array offset on value of type null', 'C:\\xampp\\htdocs\\valoradorG2\\valorador\\app\\Controllers\\PersonController.php', 625)
 2 SYSTEMPATH\CodeIgniter.php(941): App\Controllers\PersonController->buscar_valoracion_por_docente2()
 3 SYSTEMPATH\CodeIgniter.php(502): CodeIgniter\CodeIgniter->runController(Object(App\Controllers\PersonController))
 4 SYSTEMPATH\CodeIgniter.php(361): CodeIgniter\CodeIgniter->handleRequest(null, Object(Config\Cache), false)
 5 FCPATH\index.php(79): CodeIgniter\CodeIgniter->run()
CRITICAL - 2024-08-12 19:36:29 --> ErrorException: Undefined variable $puntajes9
in APPPATH\Controllers\PersonController.php on line 646.
 1 APPPATH\Controllers\PersonController.php(646): CodeIgniter\Debug\Exceptions->errorHandler(2, 'Undefined variable $puntajes9', 'C:\\xampp\\htdocs\\valoradorG2\\valorador\\app\\Controllers\\PersonController.php', 646)
 2 SYSTEMPATH\CodeIgniter.php(941): App\Controllers\PersonController->buscar_valoracion_por_docente2()
 3 SYSTEMPATH\CodeIgniter.php(502): CodeIgniter\CodeIgniter->runController(Object(App\Controllers\PersonController))
 4 SYSTEMPATH\CodeIgniter.php(361): CodeIgniter\CodeIgniter->handleRequest(null, Object(Config\Cache), false)
 5 FCPATH\index.php(79): CodeIgniter\CodeIgniter->run()
INFO - 2024-08-12 19:38:13 --> Session: Class initialized using 'CodeIgniter\Session\Handlers\FileHandler' driver.
CRITICAL - 2024-08-12 19:43:56 --> ErrorException: Trying to access array offset on value of type null
in APPPATH\Controllers\PersonController.php on line 625.
 1 APPPATH\Controllers\PersonController.php(625): CodeIgniter\Debug\Exceptions->errorHandler(2, 'Trying to access array offset on value of type null', 'C:\\xampp\\htdocs\\valoradorG2\\valorador\\app\\Controllers\\PersonController.php', 625)
 2 SYSTEMPATH\CodeIgniter.php(941): App\Controllers\PersonController->buscar_valoracion_por_docente2()
 3 SYSTEMPATH\CodeIgniter.php(502): CodeIgniter\CodeIgniter->runController(Object(App\Controllers\PersonController))
 4 SYSTEMPATH\CodeIgniter.php(361): CodeIgniter\CodeIgniter->handleRequest(null, Object(Config\Cache), false)
 5 FCPATH\index.php(79): CodeIgniter\CodeIgniter->run()
CRITICAL - 2024-08-12 19:46:07 --> ErrorException: Undefined array key "id_detalle_otro_ant"
in APPPATH\Controllers\PersonController.php on line 624.
 1 APPPATH\Controllers\PersonController.php(624): CodeIgniter\Debug\Exceptions->errorHandler(2, 'Undefined array key "id_detalle_otro_ant"', 'C:\\xampp\\htdocs\\valoradorG2\\valorador\\app\\Controllers\\PersonController.php', 624)
 2 SYSTEMPATH\CodeIgniter.php(941): App\Controllers\PersonController->buscar_valoracion_por_docente2()
 3 SYSTEMPATH\CodeIgniter.php(502): CodeIgniter\CodeIgniter->runController(Object(App\Controllers\PersonController))
 4 SYSTEMPATH\CodeIgniter.php(361): CodeIgniter\CodeIgniter->handleRequest(null, Object(Config\Cache), false)
 5 FCPATH\index.php(79): CodeIgniter\CodeIgniter->run()
CRITICAL - 2024-08-12 19:51:57 --> ErrorException: Undefined array key "id_detalle_otro_ant"
in APPPATH\Controllers\PersonController.php on line 624.
 1 APPPATH\Controllers\PersonController.php(624): CodeIgniter\Debug\Exceptions->errorHandler(2, 'Undefined array key "id_detalle_otro_ant"', 'C:\\xampp\\htdocs\\valoradorG2\\valorador\\app\\Controllers\\PersonController.php', 624)
 2 SYSTEMPATH\CodeIgniter.php(941): App\Controllers\PersonController->buscar_valoracion_por_docente2()
 3 SYSTEMPATH\CodeIgniter.php(502): CodeIgniter\CodeIgniter->runController(Object(App\Controllers\PersonController))
 4 SYSTEMPATH\CodeIgniter.php(361): CodeIgniter\CodeIgniter->handleRequest(null, Object(Config\Cache), false)
 5 FCPATH\index.php(79): CodeIgniter\CodeIgniter->run()
CRITICAL - 2024-08-12 19:52:13 --> ErrorException: Trying to access array offset on value of type null
in APPPATH\Controllers\PersonController.php on line 626.
 1 APPPATH\Controllers\PersonController.php(626): CodeIgniter\Debug\Exceptions->errorHandler(2, 'Trying to access array offset on value of type null', 'C:\\xampp\\htdocs\\valoradorG2\\valorador\\app\\Controllers\\PersonController.php', 626)
 2 SYSTEMPATH\CodeIgniter.php(941): App\Controllers\PersonController->buscar_valoracion_por_docente2()
 3 SYSTEMPATH\CodeIgniter.php(502): CodeIgniter\CodeIgniter->runController(Object(App\Controllers\PersonController))
 4 SYSTEMPATH\CodeIgniter.php(361): CodeIgniter\CodeIgniter->handleRequest(null, Object(Config\Cache), false)
 5 FCPATH\index.php(79): CodeIgniter\CodeIgniter->run()
CRITICAL - 2024-08-12 19:54:35 --> ErrorException: Undefined array key "id_detalle_otro_ant"
in APPPATH\Controllers\PersonController.php on line 623.
 1 APPPATH\Controllers\PersonController.php(623): CodeIgniter\Debug\Exceptions->errorHandler(2, 'Undefined array key "id_detalle_otro_ant"', 'C:\\xampp\\htdocs\\valoradorG2\\valorador\\app\\Controllers\\PersonController.php', 623)
 2 SYSTEMPATH\CodeIgniter.php(941): App\Controllers\PersonController->buscar_valoracion_por_docente2()
 3 SYSTEMPATH\CodeIgniter.php(502): CodeIgniter\CodeIgniter->runController(Object(App\Controllers\PersonController))
 4 SYSTEMPATH\CodeIgniter.php(361): CodeIgniter\CodeIgniter->handleRequest(null, Object(Config\Cache), false)
 5 FCPATH\index.php(79): CodeIgniter\CodeIgniter->run()
CRITICAL - 2024-08-12 19:55:52 --> ErrorException: Undefined array key "id_detalle_otro_ant"
in APPPATH\Controllers\PersonController.php on line 625.
 1 APPPATH\Controllers\PersonController.php(625): CodeIgniter\Debug\Exceptions->errorHandler(2, 'Undefined array key "id_detalle_otro_ant"', 'C:\\xampp\\htdocs\\valoradorG2\\valorador\\app\\Controllers\\PersonController.php', 625)
 2 SYSTEMPATH\CodeIgniter.php(941): App\Controllers\PersonController->buscar_valoracion_por_docente2()
 3 SYSTEMPATH\CodeIgniter.php(502): CodeIgniter\CodeIgniter->runController(Object(App\Controllers\PersonController))
 4 SYSTEMPATH\CodeIgniter.php(361): CodeIgniter\CodeIgniter->handleRequest(null, Object(Config\Cache), false)
 5 FCPATH\index.php(79): CodeIgniter\CodeIgniter->run()
INFO - 2024-08-12 19:57:11 --> Session: Class initialized using 'CodeIgniter\Session\Handlers\FileHandler' driver.
INFO - 2024-08-12 19:57:26 --> Session: Class initialized using 'CodeIgniter\Session\Handlers\FileHandler' driver.
INFO - 2024-08-12 19:58:28 --> Session: Class initialized using 'CodeIgniter\Session\Handlers\FileHandler' driver.
INFO - 2024-08-12 19:58:32 --> Session: Class initialized using 'CodeIgniter\Session\Handlers\FileHandler' driver.
INFO - 2024-08-12 19:58:42 --> Session: Class initialized using 'CodeIgniter\Session\Handlers\FileHandler' driver.
INFO - 2024-08-12 19:58:50 --> Session: Class initialized using 'CodeIgniter\Session\Handlers\FileHandler' driver.
INFO - 2024-08-12 19:59:01 --> Session: Class initialized using 'CodeIgniter\Session\Handlers\FileHandler' driver.
INFO - 2024-08-12 19:59:06 --> Session: Class initialized using 'CodeIgniter\Session\Handlers\FileHandler' driver.
INFO - 2024-08-12 20:22:57 --> Session: Class initialized using 'CodeIgniter\Session\Handlers\FileHandler' driver.
INFO - 2024-08-12 20:23:06 --> Session: Class initialized using 'CodeIgniter\Session\Handlers\FileHandler' driver.
INFO - 2024-08-12 20:23:06 --> Session: Class initialized using 'CodeIgniter\Session\Handlers\FileHandler' driver.
INFO - 2024-08-12 20:23:12 --> Session: Class initialized using 'CodeIgniter\Session\Handlers\FileHandler' driver.
INFO - 2024-08-12 20:23:12 --> Session: Class initialized using 'CodeIgniter\Session\Handlers\FileHandler' driver.
INFO - 2024-08-12 20:23:25 --> Session: Class initialized using 'CodeIgniter\Session\Handlers\FileHandler' driver.
INFO - 2024-08-12 20:23:25 --> Session: Class initialized using 'CodeIgniter\Session\Handlers\FileHandler' driver.
INFO - 2024-08-12 20:23:26 --> Session: Class initialized using 'CodeIgniter\Session\Handlers\FileHandler' driver.
INFO - 2024-08-12 20:23:26 --> Session: Class initialized using 'CodeIgniter\Session\Handlers\FileHandler' driver.
INFO - 2024-08-12 20:23:28 --> Session: Class initialized using 'CodeIgniter\Session\Handlers\FileHandler' driver.
INFO - 2024-08-12 20:23:28 --> Session: Class initialized using 'CodeIgniter\Session\Handlers\FileHandler' driver.
INFO - 2024-08-12 20:27:52 --> Session: Class initialized using 'CodeIgniter\Session\Handlers\FileHandler' driver.
INFO - 2024-08-12 20:30:46 --> Session: Class initialized using 'CodeIgniter\Session\Handlers\FileHandler' driver.
INFO - 2024-08-12 23:47:18 --> Session: Class initialized using 'CodeIgniter\Session\Handlers\FileHandler' driver.
INFO - 2024-08-12 23:47:28 --> Session: Class initialized using 'CodeIgniter\Session\Handlers\FileHandler' driver.
INFO - 2024-08-12 23:47:29 --> Session: Class initialized using 'CodeIgniter\Session\Handlers\FileHandler' driver.
INFO - 2024-08-12 23:47:32 --> Session: Class initialized using 'CodeIgniter\Session\Handlers\FileHandler' driver.
INFO - 2024-08-12 23:47:36 --> Session: Class initialized using 'CodeIgniter\Session\Handlers\FileHandler' driver.
INFO - 2024-08-12 23:47:50 --> Session: Class initialized using 'CodeIgniter\Session\Handlers\FileHandler' driver.
INFO - 2024-08-12 23:47:55 --> Session: Class initialized using 'CodeIgniter\Session\Handlers\FileHandler' driver.
CRITICAL - 2024-08-12 23:50:57 --> ErrorException: Undefined variable $id_valoracion
in APPPATH\Controllers\PersonController.php on line 784.
 1 APPPATH\Controllers\PersonController.php(784): CodeIgniter\Debug\Exceptions->errorHandler(2, 'Undefined variable $id_valoracion', 'C:\\xampp\\htdocs\\valoradorG2\\valorador\\app\\Controllers\\PersonController.php', 784)
 2 SYSTEMPATH\CodeIgniter.php(941): App\Controllers\PersonController->Mostrar_Valoraciones_Por_Materia3()
 3 SYSTEMPATH\CodeIgniter.php(502): CodeIgniter\CodeIgniter->runController(Object(App\Controllers\PersonController))
 4 SYSTEMPATH\CodeIgniter.php(361): CodeIgniter\CodeIgniter->handleRequest(null, Object(Config\Cache), false)
 5 FCPATH\index.php(79): CodeIgniter\CodeIgniter->run()
INFO - 2024-08-12 23:51:11 --> Session: Class initialized using 'CodeIgniter\Session\Handlers\FileHandler' driver.
INFO - 2024-08-12 23:52:12 --> Session: Class initialized using 'CodeIgniter\Session\Handlers\FileHandler' driver.
CRITICAL - 2024-08-12 23:52:12 --> ErrorException: Undefined array key 0
in APPPATH\Controllers\PersonController.php on line 872.
 1 APPPATH\Controllers\PersonController.php(872): CodeIgniter\Debug\Exceptions->errorHandler(2, 'Undefined array key 0', 'C:\\xampp\\htdocs\\valoradorG2\\valorador\\app\\Controllers\\PersonController.php', 872)
 2 SYSTEMPATH\CodeIgniter.php(941): App\Controllers\PersonController->mostrar_valoraciones()
 3 SYSTEMPATH\CodeIgniter.php(502): CodeIgniter\CodeIgniter->runController(Object(App\Controllers\PersonController))
 4 SYSTEMPATH\CodeIgniter.php(361): CodeIgniter\CodeIgniter->handleRequest(null, Object(Config\Cache), false)
 5 FCPATH\index.php(79): CodeIgniter\CodeIgniter->run()
