ERROR - 2024-03-22 01:16:29 --> mysqli_sql_exception: Unknown column 'condicion' in 'field list' in C:\xampp\htdocs\framework_ci4_ministerio\system\Database\MySQLi\Connection.php:306
Stack trace:
#0 C:\xampp\htdocs\framework_ci4_ministerio\system\Database\MySQLi\Connection.php(306): mysqli->query('SELECT `id_vali...', 0)
#1 C:\xampp\htdocs\framework_ci4_ministerio\system\Database\BaseConnection.php(693): CodeIgniter\Database\MySQLi\Connection->execute('SELECT `id_vali...')
#2 C:\xampp\htdocs\framework_ci4_ministerio\system\Database\BaseConnection.php(607): CodeIgniter\Database\BaseConnection->simpleQuery('SELECT `id_vali...')
#3 C:\xampp\htdocs\framework_ci4_ministerio\system\Database\BaseBuilder.php(1616): CodeIgniter\Database\BaseConnection->query('SELECT `id_vali...', Array, false)
#4 C:\xampp\htdocs\framework_ci4_ministerio\app\Controllers\Validacion.php(28): CodeIgniter\Database\BaseBuilder->get()
#5 C:\xampp\htdocs\framework_ci4_ministerio\system\CodeIgniter.php(941): App\Controllers\Validacion->index()
#6 C:\xampp\htdocs\framework_ci4_ministerio\system\CodeIgniter.php(502): CodeIgniter\CodeIgniter->runController(Object(App\Controllers\Validacion))
#7 C:\xampp\htdocs\framework_ci4_ministerio\system\CodeIgniter.php(361): CodeIgniter\CodeIgniter->handleRequest(NULL, Object(Config\Cache), false)
#8 C:\xampp\htdocs\framework_ci4_ministerio\public\index.php(79): CodeIgniter\CodeIgniter->run()
#9 {main}
CRITICAL - 2024-03-22 01:16:29 --> CodeIgniter\Database\Exceptions\DatabaseException: Unknown column 'condicion' in 'field list'
in SYSTEMPATH\Database\BaseConnection.php on line 647.
 1 SYSTEMPATH\Database\BaseBuilder.php(1616): CodeIgniter\Database\BaseConnection->query('SELECT `id_validacion`, `dni`, `titulo`, `j1`, `j2`, `j3`, `condicion`, `nombre_materia`
FROM `validación`
JOIN `materias` ON `id_materia_validacion` = `materias`.`id_materia`
WHERE `dni` = :dni:', [...], false)
 2 APPPATH\Controllers\Validacion.php(28): CodeIgniter\Database\BaseBuilder->get()
 3 SYSTEMPATH\CodeIgniter.php(941): App\Controllers\Validacion->index()
 4 SYSTEMPATH\CodeIgniter.php(502): CodeIgniter\CodeIgniter->runController(Object(App\Controllers\Validacion))
 5 SYSTEMPATH\CodeIgniter.php(361): CodeIgniter\CodeIgniter->handleRequest(null, Object(Config\Cache), false)
 6 FCPATH\index.php(79): CodeIgniter\CodeIgniter->run()
CRITICAL - 2024-03-22 01:16:29 --> [Caused by] CodeIgniter\Database\Exceptions\DatabaseException: Unknown column 'condicion' in 'field list'
in SYSTEMPATH\Database\MySQLi\Connection.php on line 311.
 1 SYSTEMPATH\Database\BaseConnection.php(693): CodeIgniter\Database\MySQLi\Connection->execute('SELECT `id_validacion`, `dni`, `titulo`, `j1`, `j2`, `j3`, `condicion`, `nombre_materia`
FROM `validación`
JOIN `materias` ON `id_materia_validacion` = `materias`.`id_materia`
WHERE `dni` = 27269774')
 2 SYSTEMPATH\Database\BaseConnection.php(607): CodeIgniter\Database\BaseConnection->simpleQuery('SELECT `id_validacion`, `dni`, `titulo`, `j1`, `j2`, `j3`, `condicion`, `nombre_materia`
FROM `validación`
JOIN `materias` ON `id_materia_validacion` = `materias`.`id_materia`
WHERE `dni` = 27269774')
 3 SYSTEMPATH\Database\BaseBuilder.php(1616): CodeIgniter\Database\BaseConnection->query('SELECT `id_validacion`, `dni`, `titulo`, `j1`, `j2`, `j3`, `condicion`, `nombre_materia`
FROM `validación`
JOIN `materias` ON `id_materia_validacion` = `materias`.`id_materia`
WHERE `dni` = :dni:', [...], false)
 4 APPPATH\Controllers\Validacion.php(28): CodeIgniter\Database\BaseBuilder->get()
 5 SYSTEMPATH\CodeIgniter.php(941): App\Controllers\Validacion->index()
 6 SYSTEMPATH\CodeIgniter.php(502): CodeIgniter\CodeIgniter->runController(Object(App\Controllers\Validacion))
 7 SYSTEMPATH\CodeIgniter.php(361): CodeIgniter\CodeIgniter->handleRequest(null, Object(Config\Cache), false)
 8 FCPATH\index.php(79): CodeIgniter\CodeIgniter->run()
CRITICAL - 2024-03-22 01:16:29 --> [Caused by] mysqli_sql_exception: Unknown column 'condicion' in 'field list'
in SYSTEMPATH\Database\MySQLi\Connection.php on line 306.
 1 SYSTEMPATH\Database\MySQLi\Connection.php(306): mysqli->query('SELECT `id_validacion`, `dni`, `titulo`, `j1`, `j2`, `j3`, `condicion`, `nombre_materia`
FROM `validación`
JOIN `materias` ON `id_materia_validacion` = `materias`.`id_materia`
WHERE `dni` = 27269774', 0)
 2 SYSTEMPATH\Database\BaseConnection.php(693): CodeIgniter\Database\MySQLi\Connection->execute('SELECT `id_validacion`, `dni`, `titulo`, `j1`, `j2`, `j3`, `condicion`, `nombre_materia`
FROM `validación`
JOIN `materias` ON `id_materia_validacion` = `materias`.`id_materia`
WHERE `dni` = 27269774')
 3 SYSTEMPATH\Database\BaseConnection.php(607): CodeIgniter\Database\BaseConnection->simpleQuery('SELECT `id_validacion`, `dni`, `titulo`, `j1`, `j2`, `j3`, `condicion`, `nombre_materia`
FROM `validación`
JOIN `materias` ON `id_materia_validacion` = `materias`.`id_materia`
WHERE `dni` = 27269774')
 4 SYSTEMPATH\Database\BaseBuilder.php(1616): CodeIgniter\Database\BaseConnection->query('SELECT `id_validacion`, `dni`, `titulo`, `j1`, `j2`, `j3`, `condicion`, `nombre_materia`
FROM `validación`
JOIN `materias` ON `id_materia_validacion` = `materias`.`id_materia`
WHERE `dni` = :dni:', [...], false)
 5 APPPATH\Controllers\Validacion.php(28): CodeIgniter\Database\BaseBuilder->get()
 6 SYSTEMPATH\CodeIgniter.php(941): App\Controllers\Validacion->index()
 7 SYSTEMPATH\CodeIgniter.php(502): CodeIgniter\CodeIgniter->runController(Object(App\Controllers\Validacion))
 8 SYSTEMPATH\CodeIgniter.php(361): CodeIgniter\CodeIgniter->handleRequest(null, Object(Config\Cache), false)
 9 FCPATH\index.php(79): CodeIgniter\CodeIgniter->run()
ERROR - 2024-03-22 01:42:05 --> mysqli_sql_exception: Cannot add or update a child row: a foreign key constraint fails (`valorador`.`materias`, CONSTRAINT `materias_ibfk_1` FOREIGN KEY (`id_carrera_materia`) REFERENCES `carreras` (`id_carrera`) ON DELETE CASCADE ON UPDATE CASCADE) in C:\xampp\htdocs\framework_ci4_ministerio\system\Database\MySQLi\Connection.php:306
Stack trace:
#0 C:\xampp\htdocs\framework_ci4_ministerio\system\Database\MySQLi\Connection.php(306): mysqli->query('INSERT INTO `ma...', 0)
#1 C:\xampp\htdocs\framework_ci4_ministerio\system\Database\BaseConnection.php(693): CodeIgniter\Database\MySQLi\Connection->execute('INSERT INTO `ma...')
#2 C:\xampp\htdocs\framework_ci4_ministerio\system\Database\BaseConnection.php(607): CodeIgniter\Database\BaseConnection->simpleQuery('INSERT INTO `ma...')
#3 C:\xampp\htdocs\framework_ci4_ministerio\system\Database\BaseBuilder.php(2307): CodeIgniter\Database\BaseConnection->query('INSERT INTO `ma...', Array, false)
#4 C:\xampp\htdocs\framework_ci4_ministerio\system\Model.php(326): CodeIgniter\Database\BaseBuilder->insert()
#5 C:\xampp\htdocs\framework_ci4_ministerio\system\BaseModel.php(802): CodeIgniter\Model->doInsert(Array)
#6 C:\xampp\htdocs\framework_ci4_ministerio\system\Model.php(744): CodeIgniter\BaseModel->insert(Array, false)
#7 C:\xampp\htdocs\framework_ci4_ministerio\app\Controllers\Validacion.php(179): CodeIgniter\Model->insert(Array, false)
#8 C:\xampp\htdocs\framework_ci4_ministerio\system\CodeIgniter.php(941): App\Controllers\Validacion->insertar_materia2()
#9 C:\xampp\htdocs\framework_ci4_ministerio\system\CodeIgniter.php(502): CodeIgniter\CodeIgniter->runController(Object(App\Controllers\Validacion))
#10 C:\xampp\htdocs\framework_ci4_ministerio\system\CodeIgniter.php(361): CodeIgniter\CodeIgniter->handleRequest(NULL, Object(Config\Cache), false)
#11 C:\xampp\htdocs\framework_ci4_ministerio\public\index.php(79): CodeIgniter\CodeIgniter->run()
#12 {main}
CRITICAL - 2024-03-22 01:42:05 --> CodeIgniter\Database\Exceptions\DatabaseException: Cannot add or update a child row: a foreign key constraint fails (`valorador`.`materias`, CONSTRAINT `materias_ibfk_1` FOREIGN KEY (`id_carrera_materia`) REFERENCES `carreras` (`id_carrera`) ON DELETE CASCADE ON UPDATE CASCADE)
in SYSTEMPATH\Database\BaseConnection.php on line 647.
 1 SYSTEMPATH\Database\BaseBuilder.php(2307): CodeIgniter\Database\BaseConnection->query('INSERT INTO `materias` (`nombre_materia`, `cuatrimestre`) VALUES (:nombre_materia:, :cuatrimestre:)', [...], false)
 2 SYSTEMPATH\Model.php(326): CodeIgniter\Database\BaseBuilder->insert()
 3 SYSTEMPATH\BaseModel.php(802): CodeIgniter\Model->doInsert([...])
 4 SYSTEMPATH\Model.php(744): CodeIgniter\BaseModel->insert([...], false)
 5 APPPATH\Controllers\Validacion.php(179): CodeIgniter\Model->insert([...], false)
 6 SYSTEMPATH\CodeIgniter.php(941): App\Controllers\Validacion->insertar_materia2()
 7 SYSTEMPATH\CodeIgniter.php(502): CodeIgniter\CodeIgniter->runController(Object(App\Controllers\Validacion))
 8 SYSTEMPATH\CodeIgniter.php(361): CodeIgniter\CodeIgniter->handleRequest(null, Object(Config\Cache), false)
 9 FCPATH\index.php(79): CodeIgniter\CodeIgniter->run()
CRITICAL - 2024-03-22 01:42:05 --> [Caused by] CodeIgniter\Database\Exceptions\DatabaseException: Cannot add or update a child row: a foreign key constraint fails (`valorador`.`materias`, CONSTRAINT `materias_ibfk_1` FOREIGN KEY (`id_carrera_materia`) REFERENCES `carreras` (`id_carrera`) ON DELETE CASCADE ON UPDATE CASCADE)
in SYSTEMPATH\Database\MySQLi\Connection.php on line 311.
 1 SYSTEMPATH\Database\BaseConnection.php(693): CodeIgniter\Database\MySQLi\Connection->execute('INSERT INTO `materias` (`nombre_materia`, `cuatrimestre`) VALUES (\'Base de Datos I\', \'2\')')
 2 SYSTEMPATH\Database\BaseConnection.php(607): CodeIgniter\Database\BaseConnection->simpleQuery('INSERT INTO `materias` (`nombre_materia`, `cuatrimestre`) VALUES (\'Base de Datos I\', \'2\')')
 3 SYSTEMPATH\Database\BaseBuilder.php(2307): CodeIgniter\Database\BaseConnection->query('INSERT INTO `materias` (`nombre_materia`, `cuatrimestre`) VALUES (:nombre_materia:, :cuatrimestre:)', [...], false)
 4 SYSTEMPATH\Model.php(326): CodeIgniter\Database\BaseBuilder->insert()
 5 SYSTEMPATH\BaseModel.php(802): CodeIgniter\Model->doInsert([...])
 6 SYSTEMPATH\Model.php(744): CodeIgniter\BaseModel->insert([...], false)
 7 APPPATH\Controllers\Validacion.php(179): CodeIgniter\Model->insert([...], false)
 8 SYSTEMPATH\CodeIgniter.php(941): App\Controllers\Validacion->insertar_materia2()
 9 SYSTEMPATH\CodeIgniter.php(502): CodeIgniter\CodeIgniter->runController(Object(App\Controllers\Validacion))
10 SYSTEMPATH\CodeIgniter.php(361): CodeIgniter\CodeIgniter->handleRequest(null, Object(Config\Cache), false)
11 FCPATH\index.php(79): CodeIgniter\CodeIgniter->run()
CRITICAL - 2024-03-22 01:42:05 --> [Caused by] mysqli_sql_exception: Cannot add or update a child row: a foreign key constraint fails (`valorador`.`materias`, CONSTRAINT `materias_ibfk_1` FOREIGN KEY (`id_carrera_materia`) REFERENCES `carreras` (`id_carrera`) ON DELETE CASCADE ON UPDATE CASCADE)
in SYSTEMPATH\Database\MySQLi\Connection.php on line 306.
 1 SYSTEMPATH\Database\MySQLi\Connection.php(306): mysqli->query('INSERT INTO `materias` (`nombre_materia`, `cuatrimestre`) VALUES (\'Base de Datos I\', \'2\')', 0)
 2 SYSTEMPATH\Database\BaseConnection.php(693): CodeIgniter\Database\MySQLi\Connection->execute('INSERT INTO `materias` (`nombre_materia`, `cuatrimestre`) VALUES (\'Base de Datos I\', \'2\')')
 3 SYSTEMPATH\Database\BaseConnection.php(607): CodeIgniter\Database\BaseConnection->simpleQuery('INSERT INTO `materias` (`nombre_materia`, `cuatrimestre`) VALUES (\'Base de Datos I\', \'2\')')
 4 SYSTEMPATH\Database\BaseBuilder.php(2307): CodeIgniter\Database\BaseConnection->query('INSERT INTO `materias` (`nombre_materia`, `cuatrimestre`) VALUES (:nombre_materia:, :cuatrimestre:)', [...], false)
 5 SYSTEMPATH\Model.php(326): CodeIgniter\Database\BaseBuilder->insert()
 6 SYSTEMPATH\BaseModel.php(802): CodeIgniter\Model->doInsert([...])
 7 SYSTEMPATH\Model.php(744): CodeIgniter\BaseModel->insert([...], false)
 8 APPPATH\Controllers\Validacion.php(179): CodeIgniter\Model->insert([...], false)
 9 SYSTEMPATH\CodeIgniter.php(941): App\Controllers\Validacion->insertar_materia2()
10 SYSTEMPATH\CodeIgniter.php(502): CodeIgniter\CodeIgniter->runController(Object(App\Controllers\Validacion))
11 SYSTEMPATH\CodeIgniter.php(361): CodeIgniter\CodeIgniter->handleRequest(null, Object(Config\Cache), false)
12 FCPATH\index.php(79): CodeIgniter\CodeIgniter->run()
ERROR - 2024-03-22 01:45:40 --> mysqli_sql_exception: Cannot add or update a child row: a foreign key constraint fails (`valorador`.`materias`, CONSTRAINT `materias_ibfk_1` FOREIGN KEY (`id_carrera_materia`) REFERENCES `carreras` (`id_carrera`) ON DELETE CASCADE ON UPDATE CASCADE) in C:\xampp\htdocs\framework_ci4_ministerio\system\Database\MySQLi\Connection.php:306
Stack trace:
#0 C:\xampp\htdocs\framework_ci4_ministerio\system\Database\MySQLi\Connection.php(306): mysqli->query('INSERT INTO `ma...', 0)
#1 C:\xampp\htdocs\framework_ci4_ministerio\system\Database\BaseConnection.php(693): CodeIgniter\Database\MySQLi\Connection->execute('INSERT INTO `ma...')
#2 C:\xampp\htdocs\framework_ci4_ministerio\system\Database\BaseConnection.php(607): CodeIgniter\Database\BaseConnection->simpleQuery('INSERT INTO `ma...')
#3 C:\xampp\htdocs\framework_ci4_ministerio\system\Database\BaseBuilder.php(2307): CodeIgniter\Database\BaseConnection->query('INSERT INTO `ma...', Array, false)
#4 C:\xampp\htdocs\framework_ci4_ministerio\system\Model.php(326): CodeIgniter\Database\BaseBuilder->insert()
#5 C:\xampp\htdocs\framework_ci4_ministerio\system\BaseModel.php(802): CodeIgniter\Model->doInsert(Array)
#6 C:\xampp\htdocs\framework_ci4_ministerio\system\Model.php(744): CodeIgniter\BaseModel->insert(Array, false)
#7 C:\xampp\htdocs\framework_ci4_ministerio\app\Controllers\Validacion.php(181): CodeIgniter\Model->insert(Array, false)
#8 C:\xampp\htdocs\framework_ci4_ministerio\system\CodeIgniter.php(941): App\Controllers\Validacion->insertar_materia2()
#9 C:\xampp\htdocs\framework_ci4_ministerio\system\CodeIgniter.php(502): CodeIgniter\CodeIgniter->runController(Object(App\Controllers\Validacion))
#10 C:\xampp\htdocs\framework_ci4_ministerio\system\CodeIgniter.php(361): CodeIgniter\CodeIgniter->handleRequest(NULL, Object(Config\Cache), false)
#11 C:\xampp\htdocs\framework_ci4_ministerio\public\index.php(79): CodeIgniter\CodeIgniter->run()
#12 {main}
CRITICAL - 2024-03-22 01:45:40 --> CodeIgniter\Database\Exceptions\DatabaseException: Cannot add or update a child row: a foreign key constraint fails (`valorador`.`materias`, CONSTRAINT `materias_ibfk_1` FOREIGN KEY (`id_carrera_materia`) REFERENCES `carreras` (`id_carrera`) ON DELETE CASCADE ON UPDATE CASCADE)
in SYSTEMPATH\Database\BaseConnection.php on line 647.
 1 SYSTEMPATH\Database\BaseBuilder.php(2307): CodeIgniter\Database\BaseConnection->query('INSERT INTO `materias` (`nombre_materia`, `cuatrimestre`) VALUES (:nombre_materia:, :cuatrimestre:)', [...], false)
 2 SYSTEMPATH\Model.php(326): CodeIgniter\Database\BaseBuilder->insert()
 3 SYSTEMPATH\BaseModel.php(802): CodeIgniter\Model->doInsert([...])
 4 SYSTEMPATH\Model.php(744): CodeIgniter\BaseModel->insert([...], false)
 5 APPPATH\Controllers\Validacion.php(181): CodeIgniter\Model->insert([...], false)
 6 SYSTEMPATH\CodeIgniter.php(941): App\Controllers\Validacion->insertar_materia2()
 7 SYSTEMPATH\CodeIgniter.php(502): CodeIgniter\CodeIgniter->runController(Object(App\Controllers\Validacion))
 8 SYSTEMPATH\CodeIgniter.php(361): CodeIgniter\CodeIgniter->handleRequest(null, Object(Config\Cache), false)
 9 FCPATH\index.php(79): CodeIgniter\CodeIgniter->run()
CRITICAL - 2024-03-22 01:45:40 --> [Caused by] CodeIgniter\Database\Exceptions\DatabaseException: Cannot add or update a child row: a foreign key constraint fails (`valorador`.`materias`, CONSTRAINT `materias_ibfk_1` FOREIGN KEY (`id_carrera_materia`) REFERENCES `carreras` (`id_carrera`) ON DELETE CASCADE ON UPDATE CASCADE)
in SYSTEMPATH\Database\MySQLi\Connection.php on line 311.
 1 SYSTEMPATH\Database\BaseConnection.php(693): CodeIgniter\Database\MySQLi\Connection->execute('INSERT INTO `materias` (`nombre_materia`, `cuatrimestre`) VALUES (\'base de datos I\', \'2\')')
 2 SYSTEMPATH\Database\BaseConnection.php(607): CodeIgniter\Database\BaseConnection->simpleQuery('INSERT INTO `materias` (`nombre_materia`, `cuatrimestre`) VALUES (\'base de datos I\', \'2\')')
 3 SYSTEMPATH\Database\BaseBuilder.php(2307): CodeIgniter\Database\BaseConnection->query('INSERT INTO `materias` (`nombre_materia`, `cuatrimestre`) VALUES (:nombre_materia:, :cuatrimestre:)', [...], false)
 4 SYSTEMPATH\Model.php(326): CodeIgniter\Database\BaseBuilder->insert()
 5 SYSTEMPATH\BaseModel.php(802): CodeIgniter\Model->doInsert([...])
 6 SYSTEMPATH\Model.php(744): CodeIgniter\BaseModel->insert([...], false)
 7 APPPATH\Controllers\Validacion.php(181): CodeIgniter\Model->insert([...], false)
 8 SYSTEMPATH\CodeIgniter.php(941): App\Controllers\Validacion->insertar_materia2()
 9 SYSTEMPATH\CodeIgniter.php(502): CodeIgniter\CodeIgniter->runController(Object(App\Controllers\Validacion))
10 SYSTEMPATH\CodeIgniter.php(361): CodeIgniter\CodeIgniter->handleRequest(null, Object(Config\Cache), false)
11 FCPATH\index.php(79): CodeIgniter\CodeIgniter->run()
CRITICAL - 2024-03-22 01:45:40 --> [Caused by] mysqli_sql_exception: Cannot add or update a child row: a foreign key constraint fails (`valorador`.`materias`, CONSTRAINT `materias_ibfk_1` FOREIGN KEY (`id_carrera_materia`) REFERENCES `carreras` (`id_carrera`) ON DELETE CASCADE ON UPDATE CASCADE)
in SYSTEMPATH\Database\MySQLi\Connection.php on line 306.
 1 SYSTEMPATH\Database\MySQLi\Connection.php(306): mysqli->query('INSERT INTO `materias` (`nombre_materia`, `cuatrimestre`) VALUES (\'base de datos I\', \'2\')', 0)
 2 SYSTEMPATH\Database\BaseConnection.php(693): CodeIgniter\Database\MySQLi\Connection->execute('INSERT INTO `materias` (`nombre_materia`, `cuatrimestre`) VALUES (\'base de datos I\', \'2\')')
 3 SYSTEMPATH\Database\BaseConnection.php(607): CodeIgniter\Database\BaseConnection->simpleQuery('INSERT INTO `materias` (`nombre_materia`, `cuatrimestre`) VALUES (\'base de datos I\', \'2\')')
 4 SYSTEMPATH\Database\BaseBuilder.php(2307): CodeIgniter\Database\BaseConnection->query('INSERT INTO `materias` (`nombre_materia`, `cuatrimestre`) VALUES (:nombre_materia:, :cuatrimestre:)', [...], false)
 5 SYSTEMPATH\Model.php(326): CodeIgniter\Database\BaseBuilder->insert()
 6 SYSTEMPATH\BaseModel.php(802): CodeIgniter\Model->doInsert([...])
 7 SYSTEMPATH\Model.php(744): CodeIgniter\BaseModel->insert([...], false)
 8 APPPATH\Controllers\Validacion.php(181): CodeIgniter\Model->insert([...], false)
 9 SYSTEMPATH\CodeIgniter.php(941): App\Controllers\Validacion->insertar_materia2()
10 SYSTEMPATH\CodeIgniter.php(502): CodeIgniter\CodeIgniter->runController(Object(App\Controllers\Validacion))
11 SYSTEMPATH\CodeIgniter.php(361): CodeIgniter\CodeIgniter->handleRequest(null, Object(Config\Cache), false)
12 FCPATH\index.php(79): CodeIgniter\CodeIgniter->run()
ERROR - 2024-03-22 01:50:33 --> mysqli_sql_exception: Table 'valorador.validacion' doesn't exist in C:\xampp\htdocs\framework_ci4_ministerio\system\Database\MySQLi\Connection.php:306
Stack trace:
#0 C:\xampp\htdocs\framework_ci4_ministerio\system\Database\MySQLi\Connection.php(306): mysqli->query('SELECT `id_vali...', 0)
#1 C:\xampp\htdocs\framework_ci4_ministerio\system\Database\BaseConnection.php(693): CodeIgniter\Database\MySQLi\Connection->execute('SELECT `id_vali...')
#2 C:\xampp\htdocs\framework_ci4_ministerio\system\Database\BaseConnection.php(607): CodeIgniter\Database\BaseConnection->simpleQuery('SELECT `id_vali...')
#3 C:\xampp\htdocs\framework_ci4_ministerio\system\Database\BaseBuilder.php(1616): CodeIgniter\Database\BaseConnection->query('SELECT `id_vali...', Array, false)
#4 C:\xampp\htdocs\framework_ci4_ministerio\app\Controllers\Validacion.php(133): CodeIgniter\Database\BaseBuilder->get()
#5 C:\xampp\htdocs\framework_ci4_ministerio\system\CodeIgniter.php(941): App\Controllers\Validacion->mostrar_valoraciones()
#6 C:\xampp\htdocs\framework_ci4_ministerio\system\CodeIgniter.php(502): CodeIgniter\CodeIgniter->runController(Object(App\Controllers\Validacion))
#7 C:\xampp\htdocs\framework_ci4_ministerio\system\CodeIgniter.php(361): CodeIgniter\CodeIgniter->handleRequest(NULL, Object(Config\Cache), false)
#8 C:\xampp\htdocs\framework_ci4_ministerio\public\index.php(79): CodeIgniter\CodeIgniter->run()
#9 {main}
CRITICAL - 2024-03-22 01:50:33 --> CodeIgniter\Database\Exceptions\DatabaseException: Table 'valorador.validacion' doesn't exist
in SYSTEMPATH\Database\BaseConnection.php on line 647.
 1 SYSTEMPATH\Database\BaseBuilder.php(1616): CodeIgniter\Database\BaseConnection->query('SELECT `id_validacion`, `dni`, `titulo`, `j1`, `j2`, `j3`, `id_validacion_condicion`, `nombre_materia`
FROM `validacion`
JOIN `materias` ON `id_materia_validacion` = `materias`.`id_materia`', [], false)
 2 APPPATH\Controllers\Validacion.php(133): CodeIgniter\Database\BaseBuilder->get()
 3 SYSTEMPATH\CodeIgniter.php(941): App\Controllers\Validacion->mostrar_valoraciones()
 4 SYSTEMPATH\CodeIgniter.php(502): CodeIgniter\CodeIgniter->runController(Object(App\Controllers\Validacion))
 5 SYSTEMPATH\CodeIgniter.php(361): CodeIgniter\CodeIgniter->handleRequest(null, Object(Config\Cache), false)
 6 FCPATH\index.php(79): CodeIgniter\CodeIgniter->run()
CRITICAL - 2024-03-22 01:50:33 --> [Caused by] CodeIgniter\Database\Exceptions\DatabaseException: Table 'valorador.validacion' doesn't exist
in SYSTEMPATH\Database\MySQLi\Connection.php on line 311.
 1 SYSTEMPATH\Database\BaseConnection.php(693): CodeIgniter\Database\MySQLi\Connection->execute('SELECT `id_validacion`, `dni`, `titulo`, `j1`, `j2`, `j3`, `id_validacion_condicion`, `nombre_materia`
FROM `validacion`
JOIN `materias` ON `id_materia_validacion` = `materias`.`id_materia`')
 2 SYSTEMPATH\Database\BaseConnection.php(607): CodeIgniter\Database\BaseConnection->simpleQuery('SELECT `id_validacion`, `dni`, `titulo`, `j1`, `j2`, `j3`, `id_validacion_condicion`, `nombre_materia`
FROM `validacion`
JOIN `materias` ON `id_materia_validacion` = `materias`.`id_materia`')
 3 SYSTEMPATH\Database\BaseBuilder.php(1616): CodeIgniter\Database\BaseConnection->query('SELECT `id_validacion`, `dni`, `titulo`, `j1`, `j2`, `j3`, `id_validacion_condicion`, `nombre_materia`
FROM `validacion`
JOIN `materias` ON `id_materia_validacion` = `materias`.`id_materia`', [], false)
 4 APPPATH\Controllers\Validacion.php(133): CodeIgniter\Database\BaseBuilder->get()
 5 SYSTEMPATH\CodeIgniter.php(941): App\Controllers\Validacion->mostrar_valoraciones()
 6 SYSTEMPATH\CodeIgniter.php(502): CodeIgniter\CodeIgniter->runController(Object(App\Controllers\Validacion))
 7 SYSTEMPATH\CodeIgniter.php(361): CodeIgniter\CodeIgniter->handleRequest(null, Object(Config\Cache), false)
 8 FCPATH\index.php(79): CodeIgniter\CodeIgniter->run()
CRITICAL - 2024-03-22 01:50:33 --> [Caused by] mysqli_sql_exception: Table 'valorador.validacion' doesn't exist
in SYSTEMPATH\Database\MySQLi\Connection.php on line 306.
 1 SYSTEMPATH\Database\MySQLi\Connection.php(306): mysqli->query('SELECT `id_validacion`, `dni`, `titulo`, `j1`, `j2`, `j3`, `id_validacion_condicion`, `nombre_materia`
FROM `validacion`
JOIN `materias` ON `id_materia_validacion` = `materias`.`id_materia`', 0)
 2 SYSTEMPATH\Database\BaseConnection.php(693): CodeIgniter\Database\MySQLi\Connection->execute('SELECT `id_validacion`, `dni`, `titulo`, `j1`, `j2`, `j3`, `id_validacion_condicion`, `nombre_materia`
FROM `validacion`
JOIN `materias` ON `id_materia_validacion` = `materias`.`id_materia`')
 3 SYSTEMPATH\Database\BaseConnection.php(607): CodeIgniter\Database\BaseConnection->simpleQuery('SELECT `id_validacion`, `dni`, `titulo`, `j1`, `j2`, `j3`, `id_validacion_condicion`, `nombre_materia`
FROM `validacion`
JOIN `materias` ON `id_materia_validacion` = `materias`.`id_materia`')
 4 SYSTEMPATH\Database\BaseBuilder.php(1616): CodeIgniter\Database\BaseConnection->query('SELECT `id_validacion`, `dni`, `titulo`, `j1`, `j2`, `j3`, `id_validacion_condicion`, `nombre_materia`
FROM `validacion`
JOIN `materias` ON `id_materia_validacion` = `materias`.`id_materia`', [], false)
 5 APPPATH\Controllers\Validacion.php(133): CodeIgniter\Database\BaseBuilder->get()
 6 SYSTEMPATH\CodeIgniter.php(941): App\Controllers\Validacion->mostrar_valoraciones()
 7 SYSTEMPATH\CodeIgniter.php(502): CodeIgniter\CodeIgniter->runController(Object(App\Controllers\Validacion))
 8 SYSTEMPATH\CodeIgniter.php(361): CodeIgniter\CodeIgniter->handleRequest(null, Object(Config\Cache), false)
 9 FCPATH\index.php(79): CodeIgniter\CodeIgniter->run()
CRITICAL - 2024-03-22 01:52:10 --> ErrorException: Undefined array key "condicion"
in APPPATH\Views\mostrarValidaciones.php on line 41.
 1 APPPATH\Views\mostrarValidaciones.php(41): CodeIgniter\Debug\Exceptions->errorHandler(2, 'Undefined array key "condicion"', 'C:\\xampp\\htdocs\\framework_ci4_ministerio\\app\\Views\\mostrarValidaciones.php', 41)
 2 SYSTEMPATH\View\View.php(228): include('C:\\xampp\\htdocs\\framework_ci4_ministerio\\app\\Views\\mostrarValidaciones.php')
 3 SYSTEMPATH\View\View.php(231): CodeIgniter\View\View->CodeIgniter\View\{closure}()
 4 SYSTEMPATH\Common.php(1178): CodeIgniter\View\View->render('mostrarValidaciones', [], true)
 5 APPPATH\Controllers\Validacion.php(141): view('mostrarValidaciones', [...])
 6 SYSTEMPATH\CodeIgniter.php(941): App\Controllers\Validacion->mostrar_valoraciones()
 7 SYSTEMPATH\CodeIgniter.php(502): CodeIgniter\CodeIgniter->runController(Object(App\Controllers\Validacion))
 8 SYSTEMPATH\CodeIgniter.php(361): CodeIgniter\CodeIgniter->handleRequest(null, Object(Config\Cache), false)
 9 FCPATH\index.php(79): CodeIgniter\CodeIgniter->run()
ERROR - 2024-03-22 02:09:57 --> mysqli_sql_exception: Unknown column 'id_carrea' in 'field list' in C:\xampp\htdocs\framework_ci4_ministerio\system\Database\MySQLi\Connection.php:306
Stack trace:
#0 C:\xampp\htdocs\framework_ci4_ministerio\system\Database\MySQLi\Connection.php(306): mysqli->query('SELECT `id_carr...', 0)
#1 C:\xampp\htdocs\framework_ci4_ministerio\system\Database\BaseConnection.php(693): CodeIgniter\Database\MySQLi\Connection->execute('SELECT `id_carr...')
#2 C:\xampp\htdocs\framework_ci4_ministerio\system\Database\BaseConnection.php(607): CodeIgniter\Database\BaseConnection->simpleQuery('SELECT `id_carr...')
#3 C:\xampp\htdocs\framework_ci4_ministerio\system\Database\BaseBuilder.php(1616): CodeIgniter\Database\BaseConnection->query('SELECT `id_carr...', Array, false)
#4 C:\xampp\htdocs\framework_ci4_ministerio\app\Controllers\Validacion.php(167): CodeIgniter\Database\BaseBuilder->get()
#5 C:\xampp\htdocs\framework_ci4_ministerio\system\CodeIgniter.php(941): App\Controllers\Validacion->insertar_materia1()
#6 C:\xampp\htdocs\framework_ci4_ministerio\system\CodeIgniter.php(502): CodeIgniter\CodeIgniter->runController(Object(App\Controllers\Validacion))
#7 C:\xampp\htdocs\framework_ci4_ministerio\system\CodeIgniter.php(361): CodeIgniter\CodeIgniter->handleRequest(NULL, Object(Config\Cache), false)
#8 C:\xampp\htdocs\framework_ci4_ministerio\public\index.php(79): CodeIgniter\CodeIgniter->run()
#9 {main}
CRITICAL - 2024-03-22 02:09:57 --> CodeIgniter\Database\Exceptions\DatabaseException: Unknown column 'id_carrea' in 'field list'
in SYSTEMPATH\Database\BaseConnection.php on line 647.
 1 SYSTEMPATH\Database\BaseBuilder.php(1616): CodeIgniter\Database\BaseConnection->query('SELECT `id_carrea`, `nombre_carrera`
FROM `carreras`', [], false)
 2 APPPATH\Controllers\Validacion.php(167): CodeIgniter\Database\BaseBuilder->get()
 3 SYSTEMPATH\CodeIgniter.php(941): App\Controllers\Validacion->insertar_materia1()
 4 SYSTEMPATH\CodeIgniter.php(502): CodeIgniter\CodeIgniter->runController(Object(App\Controllers\Validacion))
 5 SYSTEMPATH\CodeIgniter.php(361): CodeIgniter\CodeIgniter->handleRequest(null, Object(Config\Cache), false)
 6 FCPATH\index.php(79): CodeIgniter\CodeIgniter->run()
CRITICAL - 2024-03-22 02:09:57 --> [Caused by] CodeIgniter\Database\Exceptions\DatabaseException: Unknown column 'id_carrea' in 'field list'
in SYSTEMPATH\Database\MySQLi\Connection.php on line 311.
 1 SYSTEMPATH\Database\BaseConnection.php(693): CodeIgniter\Database\MySQLi\Connection->execute('SELECT `id_carrea`, `nombre_carrera`
FROM `carreras`')
 2 SYSTEMPATH\Database\BaseConnection.php(607): CodeIgniter\Database\BaseConnection->simpleQuery('SELECT `id_carrea`, `nombre_carrera`
FROM `carreras`')
 3 SYSTEMPATH\Database\BaseBuilder.php(1616): CodeIgniter\Database\BaseConnection->query('SELECT `id_carrea`, `nombre_carrera`
FROM `carreras`', [], false)
 4 APPPATH\Controllers\Validacion.php(167): CodeIgniter\Database\BaseBuilder->get()
 5 SYSTEMPATH\CodeIgniter.php(941): App\Controllers\Validacion->insertar_materia1()
 6 SYSTEMPATH\CodeIgniter.php(502): CodeIgniter\CodeIgniter->runController(Object(App\Controllers\Validacion))
 7 SYSTEMPATH\CodeIgniter.php(361): CodeIgniter\CodeIgniter->handleRequest(null, Object(Config\Cache), false)
 8 FCPATH\index.php(79): CodeIgniter\CodeIgniter->run()
CRITICAL - 2024-03-22 02:09:57 --> [Caused by] mysqli_sql_exception: Unknown column 'id_carrea' in 'field list'
in SYSTEMPATH\Database\MySQLi\Connection.php on line 306.
 1 SYSTEMPATH\Database\MySQLi\Connection.php(306): mysqli->query('SELECT `id_carrea`, `nombre_carrera`
FROM `carreras`', 0)
 2 SYSTEMPATH\Database\BaseConnection.php(693): CodeIgniter\Database\MySQLi\Connection->execute('SELECT `id_carrea`, `nombre_carrera`
FROM `carreras`')
 3 SYSTEMPATH\Database\BaseConnection.php(607): CodeIgniter\Database\BaseConnection->simpleQuery('SELECT `id_carrea`, `nombre_carrera`
FROM `carreras`')
 4 SYSTEMPATH\Database\BaseBuilder.php(1616): CodeIgniter\Database\BaseConnection->query('SELECT `id_carrea`, `nombre_carrera`
FROM `carreras`', [], false)
 5 APPPATH\Controllers\Validacion.php(167): CodeIgniter\Database\BaseBuilder->get()
 6 SYSTEMPATH\CodeIgniter.php(941): App\Controllers\Validacion->insertar_materia1()
 7 SYSTEMPATH\CodeIgniter.php(502): CodeIgniter\CodeIgniter->runController(Object(App\Controllers\Validacion))
 8 SYSTEMPATH\CodeIgniter.php(361): CodeIgniter\CodeIgniter->handleRequest(null, Object(Config\Cache), false)
 9 FCPATH\index.php(79): CodeIgniter\CodeIgniter->run()
CRITICAL - 2024-03-22 02:10:29 --> ErrorException: Array to string conversion
in APPPATH\Views\cargar_materia.php on line 13.
 1 APPPATH\Views\cargar_materia.php(13): CodeIgniter\Debug\Exceptions->errorHandler(2, 'Array to string conversion', 'C:\\xampp\\htdocs\\framework_ci4_ministerio\\app\\Views\\cargar_materia.php', 13)
 2 SYSTEMPATH\View\View.php(228): include('C:\\xampp\\htdocs\\framework_ci4_ministerio\\app\\Views\\cargar_materia.php')
 3 SYSTEMPATH\View\View.php(231): CodeIgniter\View\View->CodeIgniter\View\{closure}()
 4 SYSTEMPATH\Common.php(1178): CodeIgniter\View\View->render('cargar_materia', [], true)
 5 APPPATH\Controllers\Validacion.php(178): view('cargar_materia', [...])
 6 SYSTEMPATH\CodeIgniter.php(941): App\Controllers\Validacion->insertar_materia1()
 7 SYSTEMPATH\CodeIgniter.php(502): CodeIgniter\CodeIgniter->runController(Object(App\Controllers\Validacion))
 8 SYSTEMPATH\CodeIgniter.php(361): CodeIgniter\CodeIgniter->handleRequest(null, Object(Config\Cache), false)
 9 FCPATH\index.php(79): CodeIgniter\CodeIgniter->run()
CRITICAL - 2024-03-22 02:11:27 --> ErrorException: Undefined array key "id_carrera"
in APPPATH\Views\cargar_materia.php on line 13.
 1 APPPATH\Views\cargar_materia.php(13): CodeIgniter\Debug\Exceptions->errorHandler(2, 'Undefined array key "id_carrera"', 'C:\\xampp\\htdocs\\framework_ci4_ministerio\\app\\Views\\cargar_materia.php', 13)
 2 SYSTEMPATH\View\View.php(228): include('C:\\xampp\\htdocs\\framework_ci4_ministerio\\app\\Views\\cargar_materia.php')
 3 SYSTEMPATH\View\View.php(231): CodeIgniter\View\View->CodeIgniter\View\{closure}()
 4 SYSTEMPATH\Common.php(1178): CodeIgniter\View\View->render('cargar_materia', [], true)
 5 APPPATH\Controllers\Validacion.php(178): view('cargar_materia', [...])
 6 SYSTEMPATH\CodeIgniter.php(941): App\Controllers\Validacion->insertar_materia1()
 7 SYSTEMPATH\CodeIgniter.php(502): CodeIgniter\CodeIgniter->runController(Object(App\Controllers\Validacion))
 8 SYSTEMPATH\CodeIgniter.php(361): CodeIgniter\CodeIgniter->handleRequest(null, Object(Config\Cache), false)
 9 FCPATH\index.php(79): CodeIgniter\CodeIgniter->run()
CRITICAL - 2024-03-22 02:13:03 --> ErrorException: Undefined array key "id_carrera"
in APPPATH\Views\cargar_materia.php on line 13.
 1 APPPATH\Views\cargar_materia.php(13): CodeIgniter\Debug\Exceptions->errorHandler(2, 'Undefined array key "id_carrera"', 'C:\\xampp\\htdocs\\framework_ci4_ministerio\\app\\Views\\cargar_materia.php', 13)
 2 SYSTEMPATH\View\View.php(228): include('C:\\xampp\\htdocs\\framework_ci4_ministerio\\app\\Views\\cargar_materia.php')
 3 SYSTEMPATH\View\View.php(231): CodeIgniter\View\View->CodeIgniter\View\{closure}()
 4 SYSTEMPATH\Common.php(1178): CodeIgniter\View\View->render('cargar_materia', [], true)
 5 APPPATH\Controllers\Validacion.php(178): view('cargar_materia', [...])
 6 SYSTEMPATH\CodeIgniter.php(941): App\Controllers\Validacion->insertar_materia1()
 7 SYSTEMPATH\CodeIgniter.php(502): CodeIgniter\CodeIgniter->runController(Object(App\Controllers\Validacion))
 8 SYSTEMPATH\CodeIgniter.php(361): CodeIgniter\CodeIgniter->handleRequest(null, Object(Config\Cache), false)
 9 FCPATH\index.php(79): CodeIgniter\CodeIgniter->run()
CRITICAL - 2024-03-22 02:13:04 --> ErrorException: Undefined array key "id_carrera"
in APPPATH\Views\cargar_materia.php on line 13.
 1 APPPATH\Views\cargar_materia.php(13): CodeIgniter\Debug\Exceptions->errorHandler(2, 'Undefined array key "id_carrera"', 'C:\\xampp\\htdocs\\framework_ci4_ministerio\\app\\Views\\cargar_materia.php', 13)
 2 SYSTEMPATH\View\View.php(228): include('C:\\xampp\\htdocs\\framework_ci4_ministerio\\app\\Views\\cargar_materia.php')
 3 SYSTEMPATH\View\View.php(231): CodeIgniter\View\View->CodeIgniter\View\{closure}()
 4 SYSTEMPATH\Common.php(1178): CodeIgniter\View\View->render('cargar_materia', [], true)
 5 APPPATH\Controllers\Validacion.php(178): view('cargar_materia', [...])
 6 SYSTEMPATH\CodeIgniter.php(941): App\Controllers\Validacion->insertar_materia1()
 7 SYSTEMPATH\CodeIgniter.php(502): CodeIgniter\CodeIgniter->runController(Object(App\Controllers\Validacion))
 8 SYSTEMPATH\CodeIgniter.php(361): CodeIgniter\CodeIgniter->handleRequest(null, Object(Config\Cache), false)
 9 FCPATH\index.php(79): CodeIgniter\CodeIgniter->run()
CRITICAL - 2024-03-22 02:13:05 --> ErrorException: Undefined array key "id_carrera"
in APPPATH\Views\cargar_materia.php on line 13.
 1 APPPATH\Views\cargar_materia.php(13): CodeIgniter\Debug\Exceptions->errorHandler(2, 'Undefined array key "id_carrera"', 'C:\\xampp\\htdocs\\framework_ci4_ministerio\\app\\Views\\cargar_materia.php', 13)
 2 SYSTEMPATH\View\View.php(228): include('C:\\xampp\\htdocs\\framework_ci4_ministerio\\app\\Views\\cargar_materia.php')
 3 SYSTEMPATH\View\View.php(231): CodeIgniter\View\View->CodeIgniter\View\{closure}()
 4 SYSTEMPATH\Common.php(1178): CodeIgniter\View\View->render('cargar_materia', [], true)
 5 APPPATH\Controllers\Validacion.php(178): view('cargar_materia', [...])
 6 SYSTEMPATH\CodeIgniter.php(941): App\Controllers\Validacion->insertar_materia1()
 7 SYSTEMPATH\CodeIgniter.php(502): CodeIgniter\CodeIgniter->runController(Object(App\Controllers\Validacion))
 8 SYSTEMPATH\CodeIgniter.php(361): CodeIgniter\CodeIgniter->handleRequest(null, Object(Config\Cache), false)
 9 FCPATH\index.php(79): CodeIgniter\CodeIgniter->run()
CRITICAL - 2024-03-22 02:13:05 --> ErrorException: Undefined array key "id_carrera"
in APPPATH\Views\cargar_materia.php on line 13.
 1 APPPATH\Views\cargar_materia.php(13): CodeIgniter\Debug\Exceptions->errorHandler(2, 'Undefined array key "id_carrera"', 'C:\\xampp\\htdocs\\framework_ci4_ministerio\\app\\Views\\cargar_materia.php', 13)
 2 SYSTEMPATH\View\View.php(228): include('C:\\xampp\\htdocs\\framework_ci4_ministerio\\app\\Views\\cargar_materia.php')
 3 SYSTEMPATH\View\View.php(231): CodeIgniter\View\View->CodeIgniter\View\{closure}()
 4 SYSTEMPATH\Common.php(1178): CodeIgniter\View\View->render('cargar_materia', [], true)
 5 APPPATH\Controllers\Validacion.php(178): view('cargar_materia', [...])
 6 SYSTEMPATH\CodeIgniter.php(941): App\Controllers\Validacion->insertar_materia1()
 7 SYSTEMPATH\CodeIgniter.php(502): CodeIgniter\CodeIgniter->runController(Object(App\Controllers\Validacion))
 8 SYSTEMPATH\CodeIgniter.php(361): CodeIgniter\CodeIgniter->handleRequest(null, Object(Config\Cache), false)
 9 FCPATH\index.php(79): CodeIgniter\CodeIgniter->run()
CRITICAL - 2024-03-22 02:13:24 --> ErrorException: Undefined array key "id_carrera"
in APPPATH\Views\cargar_materia.php on line 8.
 1 APPPATH\Views\cargar_materia.php(8): CodeIgniter\Debug\Exceptions->errorHandler(2, 'Undefined array key "id_carrera"', 'C:\\xampp\\htdocs\\framework_ci4_ministerio\\app\\Views\\cargar_materia.php', 8)
 2 SYSTEMPATH\View\View.php(228): include('C:\\xampp\\htdocs\\framework_ci4_ministerio\\app\\Views\\cargar_materia.php')
 3 SYSTEMPATH\View\View.php(231): CodeIgniter\View\View->CodeIgniter\View\{closure}()
 4 SYSTEMPATH\Common.php(1178): CodeIgniter\View\View->render('cargar_materia', [], true)
 5 APPPATH\Controllers\Validacion.php(178): view('cargar_materia', [...])
 6 SYSTEMPATH\CodeIgniter.php(941): App\Controllers\Validacion->insertar_materia1()
 7 SYSTEMPATH\CodeIgniter.php(502): CodeIgniter\CodeIgniter->runController(Object(App\Controllers\Validacion))
 8 SYSTEMPATH\CodeIgniter.php(361): CodeIgniter\CodeIgniter->handleRequest(null, Object(Config\Cache), false)
 9 FCPATH\index.php(79): CodeIgniter\CodeIgniter->run()
CRITICAL - 2024-03-22 02:14:47 --> ErrorException: Undefined variable $carreras
in APPPATH\Views\cargar_materia.php on line 8.
 1 APPPATH\Views\cargar_materia.php(8): CodeIgniter\Debug\Exceptions->errorHandler(2, 'Undefined variable $carreras', 'C:\\xampp\\htdocs\\framework_ci4_ministerio\\app\\Views\\cargar_materia.php', 8)
 2 SYSTEMPATH\View\View.php(228): include('C:\\xampp\\htdocs\\framework_ci4_ministerio\\app\\Views\\cargar_materia.php')
 3 SYSTEMPATH\View\View.php(231): CodeIgniter\View\View->CodeIgniter\View\{closure}()
 4 SYSTEMPATH\Common.php(1178): CodeIgniter\View\View->render('cargar_materia', [], true)
 5 APPPATH\Controllers\Validacion.php(178): view('cargar_materia', [...])
 6 SYSTEMPATH\CodeIgniter.php(941): App\Controllers\Validacion->insertar_materia1()
 7 SYSTEMPATH\CodeIgniter.php(502): CodeIgniter\CodeIgniter->runController(Object(App\Controllers\Validacion))
 8 SYSTEMPATH\CodeIgniter.php(361): CodeIgniter\CodeIgniter->handleRequest(null, Object(Config\Cache), false)
 9 FCPATH\index.php(79): CodeIgniter\CodeIgniter->run()
CRITICAL - 2024-03-22 02:14:49 --> ErrorException: Undefined variable $carreras
in APPPATH\Views\cargar_materia.php on line 8.
 1 APPPATH\Views\cargar_materia.php(8): CodeIgniter\Debug\Exceptions->errorHandler(2, 'Undefined variable $carreras', 'C:\\xampp\\htdocs\\framework_ci4_ministerio\\app\\Views\\cargar_materia.php', 8)
 2 SYSTEMPATH\View\View.php(228): include('C:\\xampp\\htdocs\\framework_ci4_ministerio\\app\\Views\\cargar_materia.php')
 3 SYSTEMPATH\View\View.php(231): CodeIgniter\View\View->CodeIgniter\View\{closure}()
 4 SYSTEMPATH\Common.php(1178): CodeIgniter\View\View->render('cargar_materia', [], true)
 5 APPPATH\Controllers\Validacion.php(178): view('cargar_materia', [...])
 6 SYSTEMPATH\CodeIgniter.php(941): App\Controllers\Validacion->insertar_materia1()
 7 SYSTEMPATH\CodeIgniter.php(502): CodeIgniter\CodeIgniter->runController(Object(App\Controllers\Validacion))
 8 SYSTEMPATH\CodeIgniter.php(361): CodeIgniter\CodeIgniter->handleRequest(null, Object(Config\Cache), false)
 9 FCPATH\index.php(79): CodeIgniter\CodeIgniter->run()
CRITICAL - 2024-03-22 02:14:49 --> ErrorException: Undefined variable $carreras
in APPPATH\Views\cargar_materia.php on line 8.
 1 APPPATH\Views\cargar_materia.php(8): CodeIgniter\Debug\Exceptions->errorHandler(2, 'Undefined variable $carreras', 'C:\\xampp\\htdocs\\framework_ci4_ministerio\\app\\Views\\cargar_materia.php', 8)
 2 SYSTEMPATH\View\View.php(228): include('C:\\xampp\\htdocs\\framework_ci4_ministerio\\app\\Views\\cargar_materia.php')
 3 SYSTEMPATH\View\View.php(231): CodeIgniter\View\View->CodeIgniter\View\{closure}()
 4 SYSTEMPATH\Common.php(1178): CodeIgniter\View\View->render('cargar_materia', [], true)
 5 APPPATH\Controllers\Validacion.php(178): view('cargar_materia', [...])
 6 SYSTEMPATH\CodeIgniter.php(941): App\Controllers\Validacion->insertar_materia1()
 7 SYSTEMPATH\CodeIgniter.php(502): CodeIgniter\CodeIgniter->runController(Object(App\Controllers\Validacion))
 8 SYSTEMPATH\CodeIgniter.php(361): CodeIgniter\CodeIgniter->handleRequest(null, Object(Config\Cache), false)
 9 FCPATH\index.php(79): CodeIgniter\CodeIgniter->run()
CRITICAL - 2024-03-22 02:15:03 --> ErrorException: Undefined array key "id_carrera"
in APPPATH\Views\cargar_materia.php on line 8.
 1 APPPATH\Views\cargar_materia.php(8): CodeIgniter\Debug\Exceptions->errorHandler(2, 'Undefined array key "id_carrera"', 'C:\\xampp\\htdocs\\framework_ci4_ministerio\\app\\Views\\cargar_materia.php', 8)
 2 SYSTEMPATH\View\View.php(228): include('C:\\xampp\\htdocs\\framework_ci4_ministerio\\app\\Views\\cargar_materia.php')
 3 SYSTEMPATH\View\View.php(231): CodeIgniter\View\View->CodeIgniter\View\{closure}()
 4 SYSTEMPATH\Common.php(1178): CodeIgniter\View\View->render('cargar_materia', [], true)
 5 APPPATH\Controllers\Validacion.php(178): view('cargar_materia', [...])
 6 SYSTEMPATH\CodeIgniter.php(941): App\Controllers\Validacion->insertar_materia1()
 7 SYSTEMPATH\CodeIgniter.php(502): CodeIgniter\CodeIgniter->runController(Object(App\Controllers\Validacion))
 8 SYSTEMPATH\CodeIgniter.php(361): CodeIgniter\CodeIgniter->handleRequest(null, Object(Config\Cache), false)
 9 FCPATH\index.php(79): CodeIgniter\CodeIgniter->run()
CRITICAL - 2024-03-22 02:15:04 --> ErrorException: Undefined array key "id_carrera"
in APPPATH\Views\cargar_materia.php on line 8.
 1 APPPATH\Views\cargar_materia.php(8): CodeIgniter\Debug\Exceptions->errorHandler(2, 'Undefined array key "id_carrera"', 'C:\\xampp\\htdocs\\framework_ci4_ministerio\\app\\Views\\cargar_materia.php', 8)
 2 SYSTEMPATH\View\View.php(228): include('C:\\xampp\\htdocs\\framework_ci4_ministerio\\app\\Views\\cargar_materia.php')
 3 SYSTEMPATH\View\View.php(231): CodeIgniter\View\View->CodeIgniter\View\{closure}()
 4 SYSTEMPATH\Common.php(1178): CodeIgniter\View\View->render('cargar_materia', [], true)
 5 APPPATH\Controllers\Validacion.php(178): view('cargar_materia', [...])
 6 SYSTEMPATH\CodeIgniter.php(941): App\Controllers\Validacion->insertar_materia1()
 7 SYSTEMPATH\CodeIgniter.php(502): CodeIgniter\CodeIgniter->runController(Object(App\Controllers\Validacion))
 8 SYSTEMPATH\CodeIgniter.php(361): CodeIgniter\CodeIgniter->handleRequest(null, Object(Config\Cache), false)
 9 FCPATH\index.php(79): CodeIgniter\CodeIgniter->run()
CRITICAL - 2024-03-22 02:15:04 --> ErrorException: Undefined array key "id_carrera"
in APPPATH\Views\cargar_materia.php on line 8.
 1 APPPATH\Views\cargar_materia.php(8): CodeIgniter\Debug\Exceptions->errorHandler(2, 'Undefined array key "id_carrera"', 'C:\\xampp\\htdocs\\framework_ci4_ministerio\\app\\Views\\cargar_materia.php', 8)
 2 SYSTEMPATH\View\View.php(228): include('C:\\xampp\\htdocs\\framework_ci4_ministerio\\app\\Views\\cargar_materia.php')
 3 SYSTEMPATH\View\View.php(231): CodeIgniter\View\View->CodeIgniter\View\{closure}()
 4 SYSTEMPATH\Common.php(1178): CodeIgniter\View\View->render('cargar_materia', [], true)
 5 APPPATH\Controllers\Validacion.php(178): view('cargar_materia', [...])
 6 SYSTEMPATH\CodeIgniter.php(941): App\Controllers\Validacion->insertar_materia1()
 7 SYSTEMPATH\CodeIgniter.php(502): CodeIgniter\CodeIgniter->runController(Object(App\Controllers\Validacion))
 8 SYSTEMPATH\CodeIgniter.php(361): CodeIgniter\CodeIgniter->handleRequest(null, Object(Config\Cache), false)
 9 FCPATH\index.php(79): CodeIgniter\CodeIgniter->run()
CRITICAL - 2024-03-22 02:21:51 --> ErrorException: Attempt to read property "id_carrea" on array
in APPPATH\Views\cargar_materia.php on line 35.
 1 APPPATH\Views\cargar_materia.php(35): CodeIgniter\Debug\Exceptions->errorHandler(2, 'Attempt to read property "id_carrea" on array', 'C:\\xampp\\htdocs\\framework_ci4_ministerio\\app\\Views\\cargar_materia.php', 35)
 2 SYSTEMPATH\View\View.php(228): include('C:\\xampp\\htdocs\\framework_ci4_ministerio\\app\\Views\\cargar_materia.php')
 3 SYSTEMPATH\View\View.php(231): CodeIgniter\View\View->CodeIgniter\View\{closure}()
 4 SYSTEMPATH\Common.php(1178): CodeIgniter\View\View->render('cargar_materia', [], true)
 5 APPPATH\Controllers\Validacion.php(178): view('cargar_materia', [...])
 6 SYSTEMPATH\CodeIgniter.php(941): App\Controllers\Validacion->insertar_materia1()
 7 SYSTEMPATH\CodeIgniter.php(502): CodeIgniter\CodeIgniter->runController(Object(App\Controllers\Validacion))
 8 SYSTEMPATH\CodeIgniter.php(361): CodeIgniter\CodeIgniter->handleRequest(null, Object(Config\Cache), false)
 9 FCPATH\index.php(79): CodeIgniter\CodeIgniter->run()
CRITICAL - 2024-03-22 02:22:03 --> ErrorException: Attempt to read property "id_carrera" on array
in APPPATH\Views\cargar_materia.php on line 35.
 1 APPPATH\Views\cargar_materia.php(35): CodeIgniter\Debug\Exceptions->errorHandler(2, 'Attempt to read property "id_carrera" on array', 'C:\\xampp\\htdocs\\framework_ci4_ministerio\\app\\Views\\cargar_materia.php', 35)
 2 SYSTEMPATH\View\View.php(228): include('C:\\xampp\\htdocs\\framework_ci4_ministerio\\app\\Views\\cargar_materia.php')
 3 SYSTEMPATH\View\View.php(231): CodeIgniter\View\View->CodeIgniter\View\{closure}()
 4 SYSTEMPATH\Common.php(1178): CodeIgniter\View\View->render('cargar_materia', [], true)
 5 APPPATH\Controllers\Validacion.php(178): view('cargar_materia', [...])
 6 SYSTEMPATH\CodeIgniter.php(941): App\Controllers\Validacion->insertar_materia1()
 7 SYSTEMPATH\CodeIgniter.php(502): CodeIgniter\CodeIgniter->runController(Object(App\Controllers\Validacion))
 8 SYSTEMPATH\CodeIgniter.php(361): CodeIgniter\CodeIgniter->handleRequest(null, Object(Config\Cache), false)
 9 FCPATH\index.php(79): CodeIgniter\CodeIgniter->run()
