CRITICAL - 2024-03-23 18:16:24 --> ErrorException: Undefined variable $carreras
in APPPATH\Views\cargarValoracion.php on line 33.
 1 APPPATH\Views\cargarValoracion.php(33): CodeIgniter\Debug\Exceptions->errorHandler(2, 'Undefined variable $carreras', 'C:\\xampp\\htdocs\\framework_ci4_ministerio\\app\\Views\\cargarValoracion.php', 33)
 2 SYSTEMPATH\View\View.php(228): include('C:\\xampp\\htdocs\\framework_ci4_ministerio\\app\\Views\\cargarValoracion.php')
 3 SYSTEMPATH\View\View.php(231): CodeIgniter\View\View->CodeIgniter\View\{closure}()
 4 SYSTEMPATH\Common.php(1178): CodeIgniter\View\View->render('cargarValoracion', [], true)
 5 APPPATH\Controllers\Validacion.php(266): view('cargarValoracion')
 6 SYSTEMPATH\CodeIgniter.php(941): App\Controllers\Validacion->cargarValoracion()
 7 SYSTEMPATH\CodeIgniter.php(502): CodeIgniter\CodeIgniter->runController(Object(App\Controllers\Validacion))
 8 SYSTEMPATH\CodeIgniter.php(361): CodeIgniter\CodeIgniter->handleRequest(null, Object(Config\Cache), false)
 9 FCPATH\index.php(79): CodeIgniter\CodeIgniter->run()
CRITICAL - 2024-03-23 18:39:53 --> ErrorException: Undefined array key "id_titulo"
in APPPATH\Views\cargarValoracion.php on line 34.
 1 APPPATH\Views\cargarValoracion.php(34): CodeIgniter\Debug\Exceptions->errorHandler(2, 'Undefined array key "id_titulo"', 'C:\\xampp\\htdocs\\framework_ci4_ministerio\\app\\Views\\cargarValoracion.php', 34)
 2 SYSTEMPATH\View\View.php(228): include('C:\\xampp\\htdocs\\framework_ci4_ministerio\\app\\Views\\cargarValoracion.php')
 3 SYSTEMPATH\View\View.php(231): CodeIgniter\View\View->CodeIgniter\View\{closure}()
 4 SYSTEMPATH\Common.php(1178): CodeIgniter\View\View->render('cargarValoracion', [], true)
 5 APPPATH\Controllers\Validacion.php(282): view('cargarValoracion', [...])
 6 SYSTEMPATH\CodeIgniter.php(941): App\Controllers\Validacion->cargarValoracion()
 7 SYSTEMPATH\CodeIgniter.php(502): CodeIgniter\CodeIgniter->runController(Object(App\Controllers\Validacion))
 8 SYSTEMPATH\CodeIgniter.php(361): CodeIgniter\CodeIgniter->handleRequest(null, Object(Config\Cache), false)
 9 FCPATH\index.php(79): CodeIgniter\CodeIgniter->run()
