CRITICAL - 2024-05-10 00:30:01 --> ErrorException: foreach() argument must be of type array|object, null given
in APPPATH\Controllers\PersonController.php on line 206.
 1 APPPATH\Controllers\PersonController.php(206): CodeIgniter\Debug\Exceptions->errorHandler(2, 'foreach() argument must be of type array|object, null given', 'C:\\xampp\\htdocs\\framework_ci4_ministerio\\app\\Controllers\\PersonController.php', 206)
 2 SYSTEMPATH\CodeIgniter.php(941): App\Controllers\PersonController->cargarValoracion2()
 3 SYSTEMPATH\CodeIgniter.php(502): CodeIgniter\CodeIgniter->runController(Object(App\Controllers\PersonController))
 4 SYSTEMPATH\CodeIgniter.php(361): CodeIgniter\CodeIgniter->handleRequest(null, Object(Config\Cache), false)
 5 FCPATH\index.php(79): CodeIgniter\CodeIgniter->run()
CRITICAL - 2024-05-10 00:43:07 --> ErrorException: foreach() argument must be of type array|object, null given
in APPPATH\Controllers\PersonController.php on line 206.
 1 APPPATH\Controllers\PersonController.php(206): CodeIgniter\Debug\Exceptions->errorHandler(2, 'foreach() argument must be of type array|object, null given', 'C:\\xampp\\htdocs\\framework_ci4_ministerio\\app\\Controllers\\PersonController.php', 206)
 2 SYSTEMPATH\CodeIgniter.php(941): App\Controllers\PersonController->cargarValoracion2()
 3 SYSTEMPATH\CodeIgniter.php(502): CodeIgniter\CodeIgniter->runController(Object(App\Controllers\PersonController))
 4 SYSTEMPATH\CodeIgniter.php(361): CodeIgniter\CodeIgniter->handleRequest(null, Object(Config\Cache), false)
 5 FCPATH\index.php(79): CodeIgniter\CodeIgniter->run()
CRITICAL - 2024-05-10 00:48:23 --> ErrorException: foreach() argument must be of type array|object, null given
in APPPATH\Controllers\PersonController.php on line 206.
 1 APPPATH\Controllers\PersonController.php(206): CodeIgniter\Debug\Exceptions->errorHandler(2, 'foreach() argument must be of type array|object, null given', 'C:\\xampp\\htdocs\\framework_ci4_ministerio\\app\\Controllers\\PersonController.php', 206)
 2 SYSTEMPATH\CodeIgniter.php(941): App\Controllers\PersonController->cargarValoracion2()
 3 SYSTEMPATH\CodeIgniter.php(502): CodeIgniter\CodeIgniter->runController(Object(App\Controllers\PersonController))
 4 SYSTEMPATH\CodeIgniter.php(361): CodeIgniter\CodeIgniter->handleRequest(null, Object(Config\Cache), false)
 5 FCPATH\index.php(79): CodeIgniter\CodeIgniter->run()
CRITICAL - 2024-05-10 00:49:08 --> ErrorException: foreach() argument must be of type array|object, null given
in APPPATH\Controllers\PersonController.php on line 206.
 1 APPPATH\Controllers\PersonController.php(206): CodeIgniter\Debug\Exceptions->errorHandler(2, 'foreach() argument must be of type array|object, null given', 'C:\\xampp\\htdocs\\framework_ci4_ministerio\\app\\Controllers\\PersonController.php', 206)
 2 SYSTEMPATH\CodeIgniter.php(941): App\Controllers\PersonController->cargarValoracion2()
 3 SYSTEMPATH\CodeIgniter.php(502): CodeIgniter\CodeIgniter->runController(Object(App\Controllers\PersonController))
 4 SYSTEMPATH\CodeIgniter.php(361): CodeIgniter\CodeIgniter->handleRequest(null, Object(Config\Cache), false)
 5 FCPATH\index.php(79): CodeIgniter\CodeIgniter->run()
CRITICAL - 2024-05-10 00:50:02 --> ErrorException: foreach() argument must be of type array|object, null given
in APPPATH\Controllers\PersonController.php on line 206.
 1 APPPATH\Controllers\PersonController.php(206): CodeIgniter\Debug\Exceptions->errorHandler(2, 'foreach() argument must be of type array|object, null given', 'C:\\xampp\\htdocs\\framework_ci4_ministerio\\app\\Controllers\\PersonController.php', 206)
 2 SYSTEMPATH\CodeIgniter.php(941): App\Controllers\PersonController->cargarValoracion2()
 3 SYSTEMPATH\CodeIgniter.php(502): CodeIgniter\CodeIgniter->runController(Object(App\Controllers\PersonController))
 4 SYSTEMPATH\CodeIgniter.php(361): CodeIgniter\CodeIgniter->handleRequest(null, Object(Config\Cache), false)
 5 FCPATH\index.php(79): CodeIgniter\CodeIgniter->run()
CRITICAL - 2024-05-10 01:48:41 --> ErrorException: Undefined array key "id_titulo"
in APPPATH\Controllers\PersonController.php on line 136.
 1 APPPATH\Controllers\PersonController.php(136): CodeIgniter\Debug\Exceptions->errorHandler(2, 'Undefined array key "id_titulo"', 'C:\\xampp\\htdocs\\framework_ci4_ministerio\\app\\Controllers\\PersonController.php', 136)
 2 SYSTEMPATH\CodeIgniter.php(941): App\Controllers\PersonController->cargarValoracion2()
 3 SYSTEMPATH\CodeIgniter.php(502): CodeIgniter\CodeIgniter->runController(Object(App\Controllers\PersonController))
 4 SYSTEMPATH\CodeIgniter.php(361): CodeIgniter\CodeIgniter->handleRequest(null, Object(Config\Cache), false)
 5 FCPATH\index.php(79): CodeIgniter\CodeIgniter->run()
CRITICAL - 2024-05-10 19:10:36 --> ErrorException: Array to string conversion
in APPPATH\Controllers\PersonController.php on line 208.
 1 APPPATH\Controllers\PersonController.php(208): CodeIgniter\Debug\Exceptions->errorHandler(2, 'Array to string conversion', 'C:\\xampp\\htdocs\\framework_ci4_ministerio\\app\\Controllers\\PersonController.php', 208)
 2 SYSTEMPATH\CodeIgniter.php(941): App\Controllers\PersonController->cargarValoracion2()
 3 SYSTEMPATH\CodeIgniter.php(502): CodeIgniter\CodeIgniter->runController(Object(App\Controllers\PersonController))
 4 SYSTEMPATH\CodeIgniter.php(361): CodeIgniter\CodeIgniter->handleRequest(null, Object(Config\Cache), false)
 5 FCPATH\index.php(79): CodeIgniter\CodeIgniter->run()
CRITICAL - 2024-05-10 19:11:07 --> ErrorException: Undefined variable $cap
in APPPATH\Controllers\PersonController.php on line 212.
 1 APPPATH\Controllers\PersonController.php(212): CodeIgniter\Debug\Exceptions->errorHandler(2, 'Undefined variable $cap', 'C:\\xampp\\htdocs\\framework_ci4_ministerio\\app\\Controllers\\PersonController.php', 212)
 2 SYSTEMPATH\CodeIgniter.php(941): App\Controllers\PersonController->cargarValoracion2()
 3 SYSTEMPATH\CodeIgniter.php(502): CodeIgniter\CodeIgniter->runController(Object(App\Controllers\PersonController))
 4 SYSTEMPATH\CodeIgniter.php(361): CodeIgniter\CodeIgniter->handleRequest(null, Object(Config\Cache), false)
 5 FCPATH\index.php(79): CodeIgniter\CodeIgniter->run()
CRITICAL - 2024-05-10 19:37:52 --> Error: Class "App\Controllers\AntecedentesDocModel" not found
in APPPATH\Controllers\PersonController.php on line 243.
 1 SYSTEMPATH\CodeIgniter.php(941): App\Controllers\PersonController->cargarValoracion2()
 2 SYSTEMPATH\CodeIgniter.php(502): CodeIgniter\CodeIgniter->runController(Object(App\Controllers\PersonController))
 3 SYSTEMPATH\CodeIgniter.php(361): CodeIgniter\CodeIgniter->handleRequest(null, Object(Config\Cache), false)
 4 FCPATH\index.php(79): CodeIgniter\CodeIgniter->run()
CRITICAL - 2024-05-10 19:38:24 --> ErrorException: Undefined array key "opciones"
in APPPATH\Controllers\PersonController.php on line 253.
 1 APPPATH\Controllers\PersonController.php(253): CodeIgniter\Debug\Exceptions->errorHandler(2, 'Undefined array key "opciones"', 'C:\\xampp\\htdocs\\framework_ci4_ministerio\\app\\Controllers\\PersonController.php', 253)
 2 SYSTEMPATH\CodeIgniter.php(941): App\Controllers\PersonController->cargarValoracion2()
 3 SYSTEMPATH\CodeIgniter.php(502): CodeIgniter\CodeIgniter->runController(Object(App\Controllers\PersonController))
 4 SYSTEMPATH\CodeIgniter.php(361): CodeIgniter\CodeIgniter->handleRequest(null, Object(Config\Cache), false)
 5 FCPATH\index.php(79): CodeIgniter\CodeIgniter->run()
CRITICAL - 2024-05-10 19:51:58 --> ErrorException: Undefined array key "opciones"
in APPPATH\Controllers\PersonController.php on line 255.
 1 APPPATH\Controllers\PersonController.php(255): CodeIgniter\Debug\Exceptions->errorHandler(2, 'Undefined array key "opciones"', 'C:\\xampp\\htdocs\\framework_ci4_ministerio\\app\\Controllers\\PersonController.php', 255)
 2 SYSTEMPATH\CodeIgniter.php(941): App\Controllers\PersonController->cargarValoracion2()
 3 SYSTEMPATH\CodeIgniter.php(502): CodeIgniter\CodeIgniter->runController(Object(App\Controllers\PersonController))
 4 SYSTEMPATH\CodeIgniter.php(361): CodeIgniter\CodeIgniter->handleRequest(null, Object(Config\Cache), false)
 5 FCPATH\index.php(79): CodeIgniter\CodeIgniter->run()
CRITICAL - 2024-05-10 19:52:48 --> ErrorException: Undefined array key "opciones"
in APPPATH\Controllers\PersonController.php on line 255.
 1 APPPATH\Controllers\PersonController.php(255): CodeIgniter\Debug\Exceptions->errorHandler(2, 'Undefined array key "opciones"', 'C:\\xampp\\htdocs\\framework_ci4_ministerio\\app\\Controllers\\PersonController.php', 255)
 2 SYSTEMPATH\CodeIgniter.php(941): App\Controllers\PersonController->cargarValoracion2()
 3 SYSTEMPATH\CodeIgniter.php(502): CodeIgniter\CodeIgniter->runController(Object(App\Controllers\PersonController))
 4 SYSTEMPATH\CodeIgniter.php(361): CodeIgniter\CodeIgniter->handleRequest(null, Object(Config\Cache), false)
 5 FCPATH\index.php(79): CodeIgniter\CodeIgniter->run()
